1109.68
1109.68
1109.68
1109.68
1109.68
1109.68
1109.68
1109.68
1109.68
1109.68
1109.68
1109.68
1109.68
1109.68
1109.68
1109.68
1109.68
1109.68
1109.68
1109.68
1109.68
1109.68
1109.68
1109.68
1109.68
1109.68
1109.68
1109.68
1109.68
1109.68
1109.68
1109.68
1109.68
1109.68
1109.68
1109.68
1109.68
1109.68
1109.68
1109.68
1109.68
1109.68
1109.68
1109.68
1109.68
1109.68
1109.68
1109.68
1109.68
1109.68
1109.68
1109.68
1109.68
1109.68
1109.68
1109.68
1109.68
1109.68
1109.68
1109.68
1109.68
1109.68
1109.68
1109.68
1109.68
1109.68
1109.68
1109.68
1109.68
1109.68
1109.68
1109.68
1109.68
1109.68
1109.68
1109.68
1109.68
1109.68
1109.68
1109.68
1109.68
1109.68
1109.68
1109.68
1109.68
1109.68
1109.68
1109.68
1109.68
1109.68
1109.68
1109.68
1109.68
1109.68
1109.68
1109.68
1109.68
1109.68
1109.68
1109.68
1109.68
-234.62
-512.42
-652.52
-975.47
-1287.77
-1453.67
-1944.92
-2202.62
-2566.22
-2896.07
-3222.02
-3639.17
-3757.52
-3783.62
-3784.67
-3625.07
-3569.87
-3409.22
-3097.22
-3046.67
-2929.22
-2870.57
-2752.37
-2673.62
-2619.47
-2626.07
-2626.97
-2696.72
-2807.57
-2857.37
-2897.42
-2932.37
-2879.12
-2746.52
-2550.32
-2383.22
-2127.92
-1931.42
-1939.52
-2165.72
-2444.72
-2727.77
-2403.92
-1487.57
-1431.32
-1433.42
-1421.87
-1447.22
-1489.67
-1681.52
-1796.12
-1750.52
-1901.57
-2150.87
-2376.32
-2417.27
-2428.82
-2413.22
-2385.92
-2375.27
-2381.42
-2372.57
-2375.12
-2348.42
-2305.52
-2298.02
-2288.42
-2381.12
-2392.67
-2395.97
-2384.12
-2385.02
-2370.17
-2362.37
-2320.67
-2295.62
-2243.12
-2231.12
-2194.22
-2185.52
-2151.62
-2120.12
-2051.27
-2040.02
-2020.52
-2023.07
-2025.77
-2030.72
-2036.57
-2047.97
-2066.57
-2066.72
-2064.02
-2079.62
-2098.37
-2151.77
-2185.97
-2215.37
-2230.22
-2245.22
-2254.97
-2265.92
-2280.62
-2374.37
-2361.17
-2262.17
-2095.97
-2081.72
-2121.32
-2146.22
-2147.87
-2209.67
-2229.77
-2274.77
-2248.82
-2234.12
-2206.22
-2259.92
-2339.72
-2370.02
-2377.37
-2364.32
-2461.07
-1945.52
-1934.27
-1950.02
-1988.87
-1999.37
-2036.87
-2077.82
-2233.97
-2326.37
-2423.12
-2447.72
-2508.92
-2563.67
-2561.27
-2440.07
-2376.02
-2359.97
-2330.72
-2307.47
-2226.02
-2240.72
-2283.17
-2298.17
-2455.07
-2541.32
-2562.62
-2580.47
-2582.42
-2561.42
-2546.72
-2534.87
-1018.67
-1034.27
-969.62
-1119.77
-976.07
-948.92
-1098.92
-1188.92
-1034.12
-758.42
368.53
956.53
1453.48
1708.48
2079.73
2531.23
2912.38
3076.18
3077.98
2837.08
2700.43
2645.83
2564.23
2586.88
2600.98
2598.58
2644.78
2656.18
2652.43
2585.83
2540.53
2530.33
2477.23
2483.53
2469.88
2523.28
2436.13
2414.83
2384.68
2356.33
2285.38
2284.03
2404.33
2484.88
2474.08
2401.78
2241.13
2201.08
2149.33
2150.53
2147.38
2199.28
2346.43
2397.43
2459.38
2486.53
2495.53
2536.03
2465.83
2394.73
2344.78
2321.68
2288.08
2159.83
2114.98
2019.73
1962.58
1940.98
1924.18
1990.33
2052.73
2092.93
2118.43
2219.83
2243.23
2308.63
2345.08
2391.58
2428.48
2425.63
2443.48
2435.08
2464.93
2431.18
2392.33
2365.93
2211.58
2050.78
2010.88
1996.18
1996.33
2013.43
2081.08
2167.18
2219.08
2307.88
2438.08
2595.13
2593.93
2527.48
2287.18
2081.83
1811.08
1795.78
1767.73
1771.33
1774.18
1808.08
2000.38
2124.58
2323.18
2498.68
2536.93
2606.23
2610.43
2657.53
2672.23
2633.68
2387.23
2410.78
2519.68
2578.48
2680.33
2846.53
2247.88
2114.98
2083.78
2103.58
2239.03
2493.43
2623.03
2716.78
2731.78
2760.58
2760.13
2775.13
2752.63
2740.18
2680.18
2670.73
2647.48
2807.83
2853.13
2946.88
3008.08
3088.78
3089.53
3059.53
3022.93
3000.43
2870.23
2840.08
2805.28
2938.78
2958.28
2990.38
3069.28
3057.58
3048.13
3020.08
2835.88
2797.48
2778.13
2755.18
2749.63
2757.43
2763.43
2794.03
2810.08
2806.78
2599.33
2450.23
2415.58
2500.78
2519.38
2525.68
2572.18
2604.88
2671.93
2774.53
2817.88
2719.33
2570.83
2540.38
2547.88
2577.58
2603.53
2450.38
2143.78
2125.78
2147.98
2319.58
2389.19
2409.28
2414.98
2426.69
2448.89
2457.73
2490.89
2496.14
2494.64
2423.24
2402.99
2381.84
2332.49
1637.24
1456.64
1341.74
1183.94
1019.39
777.89
328.79
-359.56
-459.46
-591.31
-646.36
-323.26
146.84
250.79
360.29
427.19
616.04
720.14
849.89
919.49
1077.14
1128.89
1202.39
1223.09
1230.14
1238.84
1246.04
1176.59
898.04
556.19
296.84
44.69
-206.56
-448.06
-962.41
-717.16
-649.96
-603.46
-482.41
-374.11
-173.56
-107.41
-58.36
-45.76
-70.96
-115.21
-152.86
-215.11
-301.21
-371.56
-446.71
396.74
368.99
325.04
265.49
370.64
394.04
479.39
542.39
565.34
657.29
905.69
1044.74
1053.29
1098.44
1124.99
1132.19
1156.79
1173.29
1183.64
1183.94
1207.94
1184.84
1139.84
1106.09
1133.99
1139.99
1136.99
1121.39
1109.39
1129.79
1140.74
1132.34
1116.59
1151.09
1177.79
1207.19
1198.64
1204.49
1234.49
1286.84
1320.44
1358.09
1372.64
1360.94
1334.09
1325.39
1351.34
1439.39
1475.69
1496.84
1487.24
1437.73
1445.68
1429.93
1389.13
1378.03
1408.33
1441.03
1484.83
1550.53
1563.73
1566.28
1546.48
1493.53
1465.78
1431.43
1360.48
1313.83
1267.48
1262.23
1273.18
1304.98
1326.73
1363.48
1379.08
1406.08
1412.23
1424.98
1427.08
1424.68
1416.73
1403.38
1383.58
1362.73
1346.83
1324.03
1303.33
1273.48
1233.88
1205.38
1126.33
1080.73
967.48
828.88
582.13
475.93
-127.52
-407.87
-573.47
-656.12
-735.77
-759.77
-841.22
-837.92
-894.92
-890.42
-931.67
-1016.87
-1115.27
-1200.47
-1341.92
-1418.57
-1434.02
-1468.52
-1516.97
-1561.22
-1595.87
-1629.02
-1646.27
-1708.37
-1716.02
-1786.22
-1889.12
-1924.67
-1968.62
-2058.92
-2096.72
-2173.97
-2210.87
-2327.87
-2389.37
-2442.62
-2473.22
-2511.17
-2537.12
-2543.42
-2572.52
-2586.17
-2640.62
-2635.07
-2639.12
-2667.62
-2671.97
-2759.87
-2761.67
-2742.32
-2739.77
-2666.12
-2682.17
-2706.92
-2764.37
-2739.02
-2723.27
-2778.32
-2843.57
-2848.82
-2842.37
-2835.62
-2824.07
-2829.92
-2808.02
-2790.47
-2767.82
-2633.42
-2542.52
-2499.17
-2428.82
-2316.02
-2260.22
-2226.17
-2179.07
-2195.87
-2169.17
-2191.07
-2244.92
-2262.17
-2283.02
-2399.42
-2600.57
-2671.82
-2700.32
-2717.12
-2700.62
-2643.02
-2613.02
-2586.92
-2458.37
-2408.72
-2396.72
-2359.07
-2362.52
-2373.92
-2390.42
-2455.52
-2482.22
-2569.67
-2610.32
-2668.97
-2764.97
-2743.97
-2758.07
-2698.52
-2677.22
-2691.77
-2627.12
-2492.57
-2635.82
-2691.17
-2766.77
-2793.62
-2828.57
-2797.67
-2760.17
-2728.97
-2662.37
-2626.37
-2585.57
-2562.77
-2550.17
-2545.82
-2498.42
-2485.97
-2503.37
-2500.07
-2487.32
-2488.52
-2555.12
-2674.52
-2656.07
-2648.27
-2630.72
-2574.62
-2546.42
-2542.52
-2515.22
-2485.22
-2454.92
-2440.52
-2435.72
-2398.52
-2353.37
-2329.97
-2304.92
-2272.97
-2203.52
-2199.77
-2134.52
-2101.07
-2101.22
-2081.87
-2066.42
-2050.97
-2042.72
-2037.47
-2025.92
-2019.32
-2059.67
-2063.87
-2291.72
-2311.67
-2308.07
-2309.27
-2350.97
-2348.57
-2393.12
-2406.02
-2448.92
-2474.42
-2546.12
-2582.57
-2590.22
-2607.47
-2639.72
-2655.77
-2683.22
-2702.42
-2714.87
-2711.72
-2662.97
-2657.57
-2591.57
-2558.72
-2506.22
-2484.02
-2433.62
-2238.02
-2216.72
-2212.97
-2174.12
-2175.77
-2149.82
-2133.77
-2137.82
-2143.22
-2127.77
-2130.92
-2067.92
-2046.62
-2136.47
-2199.17
-2224.67
-2228.57
-2218.22
-2372.72
-2457.77
-2485.97
-2514.92
-2617.38
-2563.07
-2591.57
-2576.42
-2514.02
-2380.82
-2097.48
-2168.43
-2285.28
-2345.58
-2435.28
-2440.83
-2465.73
-2497.68
-2555.12
-2573.12
-2560.82
-2566.97
-2566.07
-2567.58
-2558.88
-2556.62
-2535.93
-2535.03
-2484.93
-2468.88
-2321.12
-2240.12
-2185.07
-2024.58
-2017.08
-1982.13
-1955.13
-1925.28
-1942.08
-2133.93
-2259.02
-2351.57
-2568.32
-2608.82
-2632.37
-2629.82
-2635.97
-2458.37
-2345.57
-2397.92
-2451.47
-2086.22
-2147.12
-2184.77
-2253.77
-2400.92
-2396.72
-2354.57
-2329.97
-2550.62
-2665.37
-2678.12
-2640.62
-2703.77
-2242.67
-2064.17
-1922.72
-1807.37
-1493.87
-1558.07
-1617.32
-1691.12
-1709.12
-1709.12
-1717.22
-1729.97
-1736.12
-1743.92
-1958.42
-2016.77
-2018.27
-1890.02
-1504.07
-1523.72
-1531.07
-1519.22
-1616.12
-1622.42
-1508.42
-1115.87
-142.82
126.28
179.68
260.98
399.43
400.48
436.18
598.48
603.43
-877.22
-859.82
-887.42
-1017.77
-1035.32
-1143.47
-1220.42
-1078.07
-1119.47
-1085.57
-1063.07
-1030.07
-1064.42
-1090.82
-1070.42
-1061.27
-902.72
-833.87
-1013.72
-1030.82
-1072.52
-1092.77
-1140.17
-1188.47
-1221.47
-1238.87
-1357.82
-1381.82
-1454.12
-1465.82
-1488.02
-1497.92
-1541.12
-1543.22
-1400.87
-1293.32
-971.72
-902.72
-825.77
-759.77
-608.27
-631.67
-658.07
-692.27
-713.87
-763.68
-776.43
-787.08
-790.98
-809.58
-828.78
-847.68
-853.68
-859.68
-858.03
-860.27
-864.17
-868.37
-870.62
133.17
756.57
1322.07
1529.22
1808.82
2427.42
2545.02
3000.42
3045.27
3037.77
3082.02
3098.97
3168.87
3217.02
3395.67
3425.37
3465.12
3596.07
3672.27
3665.37
3644.22
3586.17
3491.82
3362.07
3310.17
3297.27
3283.62
3295.32
3301.02
3354.12
3377.97
3521.22
3657.27
3694.02
3735.27
3694.62
3586.77
3492.12
3439.17
3159.42
3044.67
2983.02
2946.57
2925.57
2806.32
2791.62
2821.02
2849.52
2950.62
2991.42
2986.62
2906.07
2882.52
2874.42
2878.02
2899.02
2924.22
2949.57
2972.52
2983.62
3020.97
3024.42
2876.52
2874.42
2860.92
2853.12
2843.52
2834.67
2844.27
2783.22
2764.02
2765.22
2734.32
2724.72
2774.37
2810.22
2927.52
2978.52
2934.57
2851.62
2796.12
2754.87
2666.52
2447.97
2390.07
2397.87
2602.77
2570.97
2575.92
2609.67
2813.82
2780.82
2472.42
2472.72
2503.02
2394.72
2311.47
2307.42
2388.12
2417.82
2508.12
2478.12
2386.17
2321.07
2326.47
2292.72
2232.12
2229.27
2452.32
2427.12
2372.67
2270.52
2206.02
2176.17
2282.22
2302.92
2535.72
2731.02
2532.72
2441.07
2436.12
2140.47
2085.72
2161.92
2392.17
2389.02
2391.72
2387.67
2443.17
2507.52
2700.42
2712.12
2816.52
2656.47
2594.82
2537.67
2488.32
2475.27
2324.37
2295.57
2307.42
2325.27
2319.72
2335.32
2326.32
2351.67
2346.57
2423.37
2489.07
2576.22
2649.42
2795.37
2911.32
2849.22
2870.22
2856.57
2853.42
2849.97
2812.17
2786.97
2772.87
2745.87
2648.37
2683.02
2721.42
2576.67
2546.37
2466.87
2664.27
2778.87
2823.57
2860.17
2846.82
2804.52
2740.62
2652.87
2633.52
2620.17
2598.42
2551.92
2522.52
2422.02
2339.67
2288.37
2295.87
2270.07
2266.47
2308.47
2315.97
2340.72
2343.87
2330.97
2335.17
2335.32
2340.12
2362.62
2359.17
2356.47
2363.82
2371.17
2391.72
2059.47
1934.67
1761.42
1200.27
1279.62
1358.97
1462.32
1635.72
1878.12
1943.52
1979.22
1960.92
1841.07
1470.27
1376.22
1265.67
1212.87
885.12
802.62
675.57
626.07
303.57
248.37
192.72
129.27
63.57
-18.48
-76.23
-184.68
-251.88
-250.23
-288.48
-323.58
-322.53
-333.78
-322.83
-291.18
-307.68
-336.18
-608.28
-621.03
-674.73
-689.13
-704.73
-679.38
-650.28
-630.93
-584.28
-565.83
-468.63
-478.23
-493.83
-464.13
-371.88
-326.73
579.12
577.32
573.12
607.77
579.27
605.22
619.77
631.32
657.27
648.72
647.97
805.47
835.92
861.42
873.87
950.97
976.47
975.72
995.67
1003.32
1066.47
1084.47
1016.22
1057.62
1061.97
1045.47
1076.82
1040.82
1048.92
1046.97
1031.67
1019.37
1000.92
979.32
989.67
1025.07
1016.22
1020.27
1017.87
1025.52
1050.72
1119.27
1117.62
1080.12
1060.77
1131.12
1121.37
1086.87
1093.47
1153.92
1173.57
1183.92
1187.52
1183.62
1154.67
1121.22
1170.72
1188.57
1180.92
1119.72
1082.67
1046.82
1069.02
1130.37
1152.12
1181.82
1190.07
1126.77
1067.37
1288.47
1229.97
1105.62
1094.67
1171.62
1220.07
1341.87
1379.22
1462.02
1459.47
1443.12
1391.07
1350.27
1314.42
1307.07
1303.02
1279.47
1181.37
1192.77
1264.17
1295.67
1381.77
1408.02
1454.37
1475.52
1515.27
1416.87
1360.92
1320.72
1240.77
1202.37
1162.32
1150.92
1470.42
1481.97
1526.37
1546.92
1553.67
1595.52
1605.42
1655.97
1671.57
1684.17
1690.32
1694.37
1700.67
1706.97
1708.17
1518.57
1408.32
1281.87
1235.07
1158.27
1126.77
1034.07
912.12
894.87
896.22
906.42
909.57
919.47
924.87
930.27
936.12
941.97
948.72
953.97
956.37
957.87
960.57
962.07
965.07
966.87
969.57
971.07
973.77
974.97
977.97
979.17
982.17
983.67
986.22
987.42
987.42
-2625.93
-2805.63
-2871.33
-3284.13
-3610.23
-3699.33
-3807.03
-3944.43
-3967.38
-3997.53
-4009.08
-4028.73
-4039.68
-3931.68
-3872.43
-3847.08
-3817.53
-3794.73
-3731.88
-3720.93
-3714.18
-3704.88
-3741.63
-3784.53
-3819.78
-3908.58
-3933.63
-3914.88
-3846.33
-3386.58
-3337.83
-3295.98
-3276.93
-3258.93
-3248.58
-3243.63
-3282.18
-3274.53
-3281.13
-3281.28
-3286.83
-3275.58
-3272.13
-3250.83
-3192.33
-3145.23
-3095.88
-3068.88
-3012.33
-2989.68
-2957.73
-2984.43
-2950.08
-2860.68
-2822.28
-2764.83
-2755.53
-2733.63
-2715.63
-2721.93
-2718.63
-2711.43
-2714.88
-2716.83
-2708.58
-2670.33
-2640.93
-2587.23
-2545.08
-2476.53
-2441.13
-2357.43
-2315.73
-2187.63
-2182.53
-2164.98
-2150.43
-2144.58
-2155.38
-2160.18
-2164.68
-2198.58
-2260.23
-2363.43
-2403.18
-2504.73
-2541.18
-2595.33
-2618.13
-2638.38
-2630.43
-2621.13
-2630.73
-2619.78
-2617.68
-2670.78
-2677.38
-2691.18
-2714.58
-2742.63
-2758.53
-2795.28
-2814.03
-2679.78
-2539.23
-2520.18
-2490.78
-2497.98
-2490.93
-2469.63
-2450.58
-2437.53
-2406.93
-2322.33
-2277.48
-2271.63
-2281.38
-2298.48
-2446.38
-2580.33
-2705.28
-2706.33
-2673.33
-2663.58
-2635.83
-2628.63
-2654.13
-2679.33
-2718.18
-2735.73
-2779.53
-2865.18
-2924.88
-2643.03
-2293.98
-2265.03
-2318.58
-2352.18
-2395.98
-2543.73
-2598.78
-2601.03
-2607.48
-2609.88
-2652.63
-2719.53
-2857.23
-2958.18
-2984.13
-2974.53
-2856.78
-2811.78
-2765.13
-2665.23
-2143.53
-2100.93
-2076.63
-2066.58
-1961.43
-1851.63
-1711.38
-1627.53
-2152.98
-2295.18
-2445.03
-2438.43
-1779.33
-1713.93
-1691.58
-1711.98
-1994.73
-2420.28
-2436.78
-2411.43
-2413.23
-2380.53
-2376.03
-2335.23
-2266.53
-2217.93
-2118.78
-2013.33
-1899.03
-1815.63
-1779.03
-1702.23
-1731.03
-1811.28
-1919.88
-1890.78
-1780.83
-1747.68
-1737.18
-1766.73
-1779.78
-1822.53
-1857.48
-1963.23
-1982.73
-2018.28
-2017.68
-2065.68
-2119.08
-2137.83
-2168.28
767.07
989.97
1108.62
1128.58
1144.78
1123.63
-209.42
-339.92
-415.22
-474.02
-499.52
-581.57
-588.92
-608.57
-616.82
-650.72
-648.62
-645.17
-634.37
-626.57
-616.67
-640.37
-666.77
-736.67
-717.92
-870.77
-937.22
-1114.52
-1171.37
-1213.52
-1280.27
-1269.92
-1212.92
-1179.47
-1181.57
-1193.87
-1180.97
-1162.97
-1210.82
-1123.37
-1123.97
-1182.02
-1232.42
-1282.22
-1330.67
-1333.52
-1426.97
-1417.37
-1366.22
-1405.67
-1367.12
-1278.47
-1285.97
-1347.92
-1344.47
-1319.87
-1280.28
-1218.02
-1183.97
-1186.53
-1194.18
-1141.07
-1105.67
-1070.12
-1137.02
-1159.52
-1329.78
-1358.43
-1422.78
-1475.73
-1537.07
-1567.22
-1582.52
-1813.97
-1830.47
-1931.42
-1951.97
-1956.17
-1842.62
-1502.57
-1379.72
-918.32
-864.92
-917.12
-973.67
-1029.77
-1050.62
-1057.22
-1067.28
-1102.68
-1121.43
-1124.43
-1131.93
-1135.68
-1145.13
-1153.38
-1168.53
-1171.53
-1176.17
-1177.97
-1180.22
-1186.07
-1254.18
-1255.83
-1256.58
-1258.08
-1263.63
-1264.68
-1266.33
-1266.63
-1266.63
-1266.63
-1266.63
-1266.63
-1266.63
-1266.63
-1266.63
-1266.63
-1266.63
-1266.63
-1266.63
-1266.63
-1266.63
-1266.63
-1266.63
-1266.63
-1263.03
-1263.03
-1263.03
-1263.03
-1263.03
-1263.03
-1263.03
-1263.03
-1263.03
-1263.03
-1263.03
-1263.03
-1263.03
-1263.03
-1263.03
-1263.03
-1263.03
-1263.03
-1263.03
-1263.03
-1263.03
-1263.03
-1263.03
-1263.03
-1263.03
-1263.03
-1263.03
-1263.03
-1252.83
-1252.83
-1252.83
-1252.83
-1252.83
-1252.83
-1252.83
-1252.83
-1252.83
-1252.83
-1252.83
-1252.83
-1252.83
-1252.83
-1252.83
-1252.83
-1252.83
-1252.83
-1252.83
-1252.83
-1252.83
-1252.83
-1252.83
-1252.83
-1252.83
-1252.83
-1252.83
-1252.83
-1252.83
-1252.83
-1252.83
-1252.83
-1252.83
-1252.83
-1252.83
-1252.83
-1252.83
-1252.83
-1252.83
-1252.83
-1252.83
-1252.83
-1252.83
-1252.83
-1252.83
-1252.83
-1252.83
-1252.83
-1252.83
-1252.83
-1252.83
-1252.83
-1252.83
-1252.83
-1252.83
-1252.83
-1252.83
-1252.83
-1252.83
-1252.83
-1252.83
-1252.83
-1252.83
-1252.83
-1252.83
-1252.83
-1252.83
-1252.83
-1252.83
-1252.83
-1252.83
-1252.83
-1252.83
-1252.83
-1252.83
-1252.83
-1252.83
-1252.83
-1252.83
-1252.83
-1252.83
-1252.83
-1252.83
-1252.83
-1252.83
-1252.83
-1252.83
-1252.83
-1252.83
-1252.83
-1252.83
-1252.83
-1252.83
-1252.83
-1252.83
-1252.83
-1252.83
-1252.83
-1252.83
-1252.83
-1252.83
-1252.83
-1252.83
-1252.83
-1252.83
-1252.83
-1252.83
-1252.83
-1252.83
-1252.83
-1252.83
-1252.83
-1252.83
-1252.83
-1252.83
-1252.83
-1252.83
-1252.83
-1252.83
-1252.83
-1252.83
-1252.83
-1252.83
-1252.83
-1252.83
-1252.83
-1252.83
-1252.83
-1252.83
-1252.83
-1252.83
-1252.83
-1252.83
-1252.83
-1252.83
-1252.83
-1252.83
-1252.83
-1252.83
-1252.83
-1252.83
-1252.83
-1252.83
-1252.83
-1252.83
-1252.83
-1252.83
-1252.83
-1252.83
-1252.83
-1252.83
-1252.83
-1252.83
-1245.63
-1245.63
-1245.63
-1245.63
-1245.63
-1245.63
-1245.63
-1245.63
-1245.63
-1245.63
-1245.63
-1245.63
-1245.63
-1245.63
-1245.63
-1245.63
-1245.63
-1245.63
-1245.63
-1245.63
-1245.63
-1245.63
-1245.63
-1245.63
-1245.63
-1245.63
-1245.63
-1245.63
-1245.63
-1245.63
-1245.63
-1245.63
-1245.63
-1245.63
-1245.63
-1245.63
-1245.63
-1245.63
-1245.63
-1245.63
-1245.63
-1245.63
-1245.63
-1245.63
-1245.63
-1245.63
-1245.63
-1245.63
-1245.63
-1245.63
-1245.63
-1245.63
-1245.63
-1245.63
-1245.63
-1245.63
-1245.63
-1245.63
-1245.63
-1245.63
-1245.63
-1245.63
-1245.63
-1245.63
-1245.63
-1245.63
-1245.63
-1245.63
-1245.63
-1245.63
-1245.63
-1245.63
-1245.63
-1245.63
-1245.63
-1245.63
-1245.63
-1245.63
-1245.63
-1245.63
-1245.63
-1245.63
-1245.63
-1245.63
-1245.63
-1245.63
-1245.63
-1245.63
-1245.63
-1245.63
-1245.63
-1245.63
-1245.63
-1245.63
-1245.63
-1245.63
-1245.63
-1245.63
-1245.63
-1245.63
-1245.63
-1245.63
-1245.63
-1245.63
-1245.63
-1245.63
-1245.63
-1245.63
-1245.63
-1245.63
-1245.63
-1245.63
-1245.63
-1245.63
-1245.63
-1245.63
-1245.63
-1245.63
-1245.63
-1245.63
-1245.63
-1245.63
-1245.63
-1245.63
-1245.63
-1245.63
-1245.63
-1245.63
-1245.63
-1245.63
-1245.63
-1245.63
-1245.63
-1245.63
-1245.63
-1245.63
-1245.63
-1245.63
-1245.63
-1245.63
-1245.63
-1245.63
-1245.63
-1245.63
-1245.63
-1245.63
-1245.63
-1245.63
-1245.63
-1245.63
-1245.63
-1245.63
-1245.63
-1245.63
-1245.63
-1245.63
-1245.63
-1245.63
-1245.63
-1245.63
-1245.63
-1245.63
-1245.63
-1245.63
-1245.63
-1245.63
-1245.63
-1245.63
-1245.63
-1245.63
-1245.63
-1245.63
-1245.63
-1245.63
-1245.63
-1245.63
-1245.63
-1245.63
-1245.63
-1245.63
-1245.63
-1245.63
-1245.63
-1245.63
-1245.63
-1245.63
-1245.63
-1245.63
-1245.63
-1245.63
-1245.63
-1245.63
-1245.63
-1245.63
-1245.63
-1245.63
-1245.63
-1245.63
-1245.63
-1245.63
-1245.63
-1245.63
-1245.63
-1245.63
-1245.63
-1245.63
-1245.63
-1245.63
-1245.63
-1245.63
-1245.63
-1245.63
-1245.63
-1245.63
-1245.63
-1245.63
-1245.63
-1245.63
-1245.63
-1245.63
-1245.63
-1245.63
-1245.63
-1245.63
-1245.63
-1245.63
-1245.63
-1245.63
-1245.63
-1245.63
-1245.63
-1245.63
-1245.63
-1245.63
-1245.63
-1245.63
-1245.63
-1245.63
-1245.63
-1245.63
-1245.63
-1245.63
-1245.63
-1245.63
-1245.63
-1245.63
-1245.63
-1245.63
-1245.63
-1245.63
-1245.63
-1245.63
-1245.63
-1245.63
-1245.63
-1245.63
-1245.63
-1245.63
-1245.63
-1245.63
-1245.63
-1245.63
-1245.63
-1245.63
-1245.63
-1245.63
-1245.63
-1245.63
-1245.63
-1245.63
-1245.63
-1245.63
-1245.63
-1245.63
-1245.63
-1245.63
-1245.63
-1245.63
-1245.63
-1245.63
-1245.63
-1245.63
-1245.63
-1245.63
-1245.63
-1245.63
-1245.63
-1245.63
-1245.63
-1245.63
-1245.63
-1245.63
-1245.63
-1245.63
-1245.63
-1245.63
-1245.63
-1245.63
-1245.63
-1245.63
-1245.63
-1245.63
-1245.63
-1245.63
-1245.63
-1245.63
-1245.63
-1245.63
-1245.63
-1245.63
-1245.63
-1245.63
-1245.63
-1245.63
-1245.63
-1245.63
-1245.63
-1245.63
-1245.63
-1245.63
-1245.63
-1245.63
-1245.63
-1245.63
-1245.63
-1245.63
-1245.63
-1245.63
-1245.63
-1245.63
-1245.63
-1245.63
-1245.63
-1245.63
-1245.63
-1245.63
-1245.63
-1245.63
-1245.63
-1245.63
-1245.63
-1245.63
-1245.63
-1245.63
-1245.63
-1245.63
-1245.63
-1245.63
-1245.63
-1245.63
-1245.63
-1245.63
-1245.63
-1245.63
-1245.63
-1245.63
-1245.63
-1245.63
-1245.63
-1245.63
-1245.63
-1245.63
-1245.63
-1245.63
-1245.63
-1245.63
-1245.63
-1245.63
-1245.63
-1245.63
-1245.63
-1245.63
-1245.63
-1245.63
-1245.63
-1245.63
-1245.63
-1245.63
-1245.63
-1245.63
-1245.63
-1245.63
-1245.63
-1245.63
-1245.63
-1245.63
-1245.63
-1245.63
-1245.63
-1245.63
-1245.63
-1245.63
-1245.63
-1245.63
-1245.63
-1245.63
-1245.63
-1245.63
-1245.63
-1245.63
-1245.63
-1245.63
-1245.63
-1245.63
-1245.63
-1245.63
-1245.63
-1245.63
-1245.63
-1245.63
-1245.63
-1245.63
-1245.63
-1245.63
-1245.63
-1245.63
-1245.63
-1245.63
-1245.63
-1245.63
-1245.63
-1245.63
-1245.63
-1245.63
-1245.63
-1245.63
-1245.63
-1245.63
-1245.63
-1245.63
-1245.63
-1245.63
-1245.63
-1245.63
-1245.63
-1245.63
-1245.63
-1245.63
-1245.63
-1245.63
-1245.63
-1245.63
-1245.63
-1245.63
-1245.63
-1245.63
-1245.63
-1245.63
-1245.63
-1245.63
-1245.63
-1245.63
-1245.63
-1245.63
-1245.63
-1245.63
-1245.63
-1245.63
-1245.63
-1245.63
-1245.63
-1245.63
-1245.63
-1245.63
-1245.63
-1245.63
-1245.63
-1245.63
-1245.63
-1245.63
-1245.63
-1245.63
-1245.63
-1240.68
-1238.13
-1238.13
-1238.13
-1238.13
-1238.13
-1238.13
-1238.13
-1238.13
-1238.13
-1238.13
-1238.13
-1238.13
-1238.13
-1238.13
-1238.13
-1238.13
-1238.13
-1238.13
-1238.13
-1238.13
-1238.13
-1238.13
-1238.13
-1238.13
-1238.13
-1238.13
-1238.13
-1238.13
-1238.13
-1238.13
-1238.13
-1238.13
-1238.13
-1238.13
-1238.13
-1238.13
-1238.13
-1238.13
-1238.13
-1238.13
-1238.13
-1238.13
-1238.13
-1238.13
-1238.13
-1238.13
-1238.13
-1238.13
-1238.13
-1238.13
-1238.13
-1238.13
-1238.13
-1238.13
-1238.13
-1238.13
-1238.13
-1238.13
-1238.13
-1238.13
-1238.13
-1238.13
-1238.13
-1238.13
-1238.13
-1238.13
-1238.13
-1238.13
-1238.13
-1238.13
-1238.13
-1238.13
-1238.13
-1238.13
-1238.13
-1238.13
-1238.13
-1238.13
-1238.13
-1238.13
-1238.13
-1238.13
-1238.13
-1238.13
-1238.13
-1238.13
-1238.13
-1238.13
-1238.13
-1238.13
-1238.13
-1238.13
-1238.13
-1238.13
-1238.13
-1238.13
-1238.13
-1238.13
-1238.13
-1238.13
-1238.13
-1238.13
-1238.13
-1238.13
-1238.13
-1238.13
-1238.13
-1238.13
-1238.13
-1238.13
-1238.13
-1238.13
-1238.13
-1238.13
-1238.13
-1238.13
-1238.13
-1238.13
-1238.13
-1238.13
-1238.13
-1238.13
-1238.13
-1238.13
-1238.13
-1238.13
-1238.13
-1238.13
-1238.13
-1238.13
-1238.13
-1238.13
-1238.13
-1238.13
-1238.13
-1238.13
-1238.13
-1238.13
-1238.13
-1238.13
-1238.13
-1238.13
-1238.13
-1238.13
-1238.13
-1238.13
-1238.13
-1238.13
-1238.13
-1238.13
-1238.13
-1238.13
-1238.13
-1238.13
-1238.13
-1238.13
-1238.13
-1238.13
-1238.13
-1238.13
-1238.13
-1238.13
-1238.13
-1238.13
-1238.13
-1238.13
-1238.13
-1238.13
-1238.13
-1238.13
-1238.13
-1238.13
-1238.13
-1238.13
-1238.13
-1238.13
-1238.13
-1238.13
-1238.13
-1238.13
-1238.13
-1238.13
-1238.13
-1238.13
-1238.13
-1238.13
-1238.13
-1238.13
-1238.13
-1238.13
-1238.13
-1238.13
-1238.13
-1238.13
-1238.13
-1238.13
-1238.13
-1238.13
-1238.13
-1238.13
-1238.13
-1238.13
-1238.13
-1238.13
-1238.13
-1238.13
-1238.13
-1238.13
-1238.13
-1238.13
-1238.13
-1238.13
-1238.13
-1238.13
-1238.13
-1238.13
-1238.13
-1238.13
-1238.13
-1238.13
-1238.13
-1238.13
-1238.13
-1238.13
-1238.13
-1238.13
-1238.13
-1238.13
-1238.13
-1238.13
-1238.13
-1238.13
-1238.13
-1238.13
-1238.13
-1238.13
-1238.13
-1238.13
-1238.13
-1238.13
-1238.13
-1238.13
-1238.13
-1238.13
-1238.13
-1238.13
-1238.13
-1238.13
-1238.13
-1238.13
-1238.13
-1238.13
-1238.13
-1238.13
-1238.13
-1238.13
-1238.13
-1238.13
-1238.13
-1238.13
-1238.13
-1238.13
-1238.13
-1238.13
-1238.13
-1238.13
-1238.13
-1238.13
-1238.13
-1238.13
-1238.13
-1238.13
-1238.13
-1238.13
-1238.13
-1238.13
-1238.13
-1238.13
-1238.13
-1238.13
-1238.13
-1238.13
-1238.13
-1238.13
-1238.13
-1238.13
-1238.13
-1238.13
-1238.13
-1238.13
-1238.13
-1238.13
-1238.13
-1238.13
-1238.13
-1238.13
-1238.13
-1238.13
-1238.13
-1238.13
-1238.13
-1238.13
-1238.13
-1238.13
-1238.13
-1238.13
-1238.13
-1238.13
-1238.13
-1238.13
-1238.13
-1238.13
-1238.13
-1238.13
-1238.13
-1238.13
-1238.13
-1238.13
-1238.13
-1238.13
-1238.13
-1238.13
-1238.13
-1238.13
-1238.13
-1238.13
-1238.13
-1238.13
-1238.13
-1238.13
-1238.13
-1238.13
-1238.13
-1238.13
-1238.13
-1238.13
-1238.13
-1238.13
-1238.13
-1238.13
-1238.13
-1238.13
-1238.13
-1238.13
-1238.13
-1238.13
-1238.13
-1238.13
-1238.13
-1238.13
-1238.13
-1238.13
-1238.13
-1238.13
-1238.13
-1238.13
-1238.13
-1238.13
-1238.13
-1238.13
-1238.13
-1238.13
-1238.13
-1238.13
-1238.13
-1238.13
-1238.13
-1238.13
-1238.13
-1238.13
-1238.13
-1238.13
-1238.13
-1238.13
-1238.13
-1238.13
-1238.13
-1238.13
-1238.13
-1238.13
-1238.13
-1238.13
-1238.13
-1238.13
-1238.13
-1238.13
-1238.13
-1238.13
-1238.13
-1238.13
-1238.13
-1238.13
-1238.13
-1238.13
-1238.13
-1238.13
-1238.13
-1238.13
-1238.13
-1238.13
-1238.13
-1238.13
-1238.13
-1238.13
-1238.13
-1238.13
-1238.13
-1238.13
-1238.13
-1238.13
-1238.13
-1238.13
-1238.13
-1238.13
-1238.13
-1238.13
-1238.13
-1238.13
-1238.13
-1238.13
-1238.13
-1238.13
-1238.13
-1238.13
-1238.13
-1238.13
-1238.13
-1238.13
-1238.13
-1238.13
-1238.13
-1238.13
-1238.13
-1238.13
-1238.13
-1238.13
-1238.13
-1238.13
-1238.13
-1238.13
-1238.13
-1238.13
-1238.13
-1238.13
-1238.13
-1238.13
-1238.13
-1238.13
-1238.13
-1238.13
-1238.13
-1238.13
-1238.13
-1238.13
-1238.13
-1238.13
-1238.13
-1238.13
-1238.13
-1238.13
-1238.13
-1238.13
-1238.13
-1238.13
-1238.13
-1238.13
-1238.13
-1238.13
-1238.13
-1238.13
-1238.13
-1238.13
-1238.13
-1238.13
-1238.13
-1238.13
-1238.13
-1238.13
-1238.13
-1238.13
-1238.13
-1238.13
-1238.13
-1238.13
-1238.13
-1238.13
-1238.13
-1238.13
-1238.13
-1238.13
-1238.13
-1238.13
-1238.13
-1238.13
-1238.13
-1238.13
-1238.13
-1238.13
-1238.13
-1238.13
-1238.13
-1238.13
-1238.13
-1238.13
-1238.13
-1238.13
-1238.13
-1238.13
-1238.13
-1238.13
-1238.13
-1238.13
-1238.13
-1238.13
-1238.13
-1238.13
-1238.13
-1238.13
-1238.13
-1238.13
-1238.13
-1238.13
-1238.13
-1238.13
-1238.13
-1238.13
-1238.13
-1238.13
-1238.13
-1238.13
-1238.13
-1238.13
-1238.13
-1238.13
-1238.13
-1238.13
-1238.13
-1238.13
-1238.13
-1238.13
-1238.13
-1238.13
-1238.13
-1238.13
-1238.13
-1238.13
-1238.13
-1238.13
-1238.13
-1238.13
-1238.13
-1238.13
-1238.13
-1238.13
-1238.13
-1238.13
-1238.13
-1238.13
-1238.13
-1238.13
-1238.13
-1238.13
-1238.13
-1238.13
-1238.13
-1238.13
-1238.13
-1238.13
-1238.13
-1238.13
-1238.13
-1238.13
-1238.13
-1238.13
-1238.13
-1238.13
-1238.13
-1238.13
-1238.13
-1238.13
-1238.13
-1238.13
-1238.13
-1238.13
-1238.13
-1238.13
-1238.13
-1238.13
-1238.13
-1238.13
-1238.13
-1238.13
-1238.13
-1238.13
-1238.13
-1238.13
-1238.13
-1238.13
-1238.13
-1238.13
-1238.13
-1238.13
-1238.13
-1238.13
-1238.13
-1238.13
-1238.13
-1238.13
-1238.13
-1238.13
-1238.13
-1238.13
-1238.13
-1238.13
-1238.13
-1238.13
-1238.13
-1238.13
-1238.13
-1238.13
-1238.13
-1238.13
-1238.13
-1238.13
-1238.13
-1238.13
-1238.13
-1238.13
-1238.13
-1238.13
-1238.13
-1238.13
-1238.13
-1238.13
-1238.13
-1238.13
-1238.13
-1238.13
-1238.13
-1238.13
-1238.13
-1238.13
-1238.13
-1238.13
-1238.13
-1238.13
-1238.13
-1238.13
-1238.13
-1238.13
-1238.13
-1238.13
-1238.13
-1238.13
-1238.13
-1238.13
-1238.13
-1238.13
-1238.13
-1238.13
-1238.13
-1238.13
-1238.13
-1238.13
-1238.13
-1238.13
-1238.13
-1238.13
-1238.13
-1238.13
-1238.13
-1238.13
-1238.13
-1238.13
-1238.13
-1238.13
-1238.13
-1238.13
-1238.13
-1238.13
-1238.13
-1238.13
-1238.13
-1238.13
-1238.13
-1238.13
-1238.13
-1238.13
-1238.13
-1238.13
-1238.13
-1238.13
-1238.13
-1238.13
-1238.13
-1238.13
-1238.13
-1238.13
-1238.13
-1238.13
-1238.13
-1238.13
-1238.13
-1238.13
-1238.13
-1238.13
-1238.13
-1238.13
-1238.13
-1238.13
-1238.13
-1238.13
-1238.13
-1238.13
-1238.13
-1238.13
-1238.13
-1238.13
-1238.13
-1238.13
-1238.13
-1238.13
-1238.13
-1238.13
-1238.13
-1238.13
-1238.13
-1238.13
-1238.13
-1238.13
-1238.13
-1238.13
-1238.13
-1238.13
-1238.13
-1238.13
-1238.13
-1238.13
-1238.13
-1238.13
-1238.13
-1238.13
-1238.13
-1238.13
-1238.13
-1238.13
-1238.13
-1238.13
-1238.13
-1238.13
-1238.13
-1238.13
-1238.13
-1238.13
-1238.13
-1238.13
-1238.13
-1238.13
-1238.13
-1238.13
-1238.13
-1238.13
-1238.13
-1238.13
-1238.13
-1238.13
-1238.13
-1238.13
-1238.13
-1238.13
-1238.13
-1238.13
-1238.13
-1238.13
-1238.13
-1238.13
-1238.13
-1238.13
-1238.13
-1238.13
-1238.13
-1238.13
-1238.13
-1238.13
-1238.13
-1238.13
-1238.13
-1238.13
-1238.13
-1238.13
-1238.13
-1238.13
-1238.13
-1238.13
-1238.13
-1238.13
-1238.13
-1238.13
-1238.13
-1238.13
-1238.13
-1238.13
-1238.13
-1238.13
-1238.13
-1238.13
-1238.13
-1238.13
-1238.13
-1238.13
-1238.13
-1238.13
-1238.13
-1238.13
-1238.13
-1238.13
-1238.13
-1238.13
-1238.13
-1238.13
-1238.13
-1238.13
-1238.13
-1238.13
-1238.13
-1238.13
-1238.13
-1238.13
-1238.13
-1238.13
-1238.13
-1238.13
-1238.13
-1238.13
-1238.13
-1238.13
-1238.13
-1238.13
-1238.13
-1238.13
-1238.13
-1238.13
-1238.13
-1238.13
-1238.13
-1238.13
-1238.13
-1238.13
-1238.13
-1238.13
-1238.13
-1238.13
-1238.13
-1238.13
-1238.13
-1238.13
-1238.13
-1238.13
-1238.13
-1238.13
-1238.13
-1238.13
-1238.13
-1238.13
-1238.13
-1238.13
-1238.13
-1238.13
-1238.13
-1238.13
-1238.13
-1238.13
-1238.13
-1238.13
-1238.13
-1238.13
-1238.13
-1238.13
-1238.13
-1238.13
-1238.13
-1238.13
-1238.13
-1238.13
-1238.13
-1238.13
-1238.13
-1238.13
-1238.13
-1238.13
-1238.13
-1238.13
-1238.13
-1238.13
-1238.13
-1238.13
-1238.13
-1238.13
-1238.13
-1238.13
-1238.13
-1238.13
-1238.13
-1238.13
-1238.13
-1238.13
-1238.13
-1238.13
-1238.13
-1238.13
-1238.13
-1238.13
-1238.13
-1238.13
-1238.13
-1238.13
-1238.13
-1238.13
-1238.13
-1238.13
-1238.13
-1238.13
-1238.13
-1238.13
-1238.13
-1238.13
-1238.13
-1238.13
-1238.13
-1238.13
-1238.13
-1238.13
-1238.13
-1238.13
-1238.13
-1238.13
-1238.13
-1238.13
-1238.13
-1238.13
-1238.13
-1238.13
-1238.13
-1238.13
-1238.13
-1238.13
-1238.13
-1238.13
-1238.13
-1238.13
-1238.13
-1238.13
-1238.13
-1238.13
-1238.13
-1238.13
-1238.13
-1238.13
-1238.13
-1238.13
-1238.13
-1238.13
-1238.13
-1238.13
-1238.13
-1238.13
-1238.13
-1238.13
-1238.13
-1238.13
-1238.13
-1238.13
-1238.13
-1238.13
-1238.13
-1238.13
-1238.13
-1238.13
-1238.13
-1238.13
-1238.13
-1238.13
-1238.13
-1238.13
-1238.13
-1238.13
-1238.13
-1238.13
-1238.13
-1238.13
-1238.13
-1238.13
-1238.13
-1238.13
-1238.13
-1238.13
-1238.13
-1238.13
-1238.13
-1238.13
-1238.13
-1238.13
-1238.13
-1238.13
-1238.13
-1238.13
-1238.13
-1238.13
-1238.13
-1238.13
-1238.13
-1238.13
-1238.13
-1238.13
-1238.13
-1238.13
-1238.13
-1238.13
-1238.13
-1238.13
-1238.13
-1238.13
-1238.13
-1238.13
-1238.13
-1238.13
-1238.13
-1238.13
-1238.13
-1238.13
-1238.13
-1238.13
-1238.13
-1238.13
-1238.13
-1238.13
-1238.13
-1238.13
-1238.13
-1238.13
-1238.13
-1238.13
-1238.13
-1238.13
-1238.13
-1238.13
-1238.13
-1238.13
-1238.13
-1238.13
-1238.13
-1238.13
-1238.13
-1238.13
-1238.13
-1238.13
-1238.13
-1238.13
-1238.13
-1238.13
-1238.13
-1238.13
-1238.13
-1238.13
-1238.13
-1238.13
-1238.13
-1238.13
-1238.13
-1238.13
-1238.13
-1238.13
-1238.13
-1238.13
-1238.13
-1238.13
-1238.13
-1238.13
-1238.13
-1238.13
-1238.13
-1238.13
-1238.13
-1238.13
-1238.13
-1238.13
-1238.13
-1238.13
-1238.13
-1238.13
-1238.13
-1238.13
-1238.13
-1238.13
-1238.13
-1238.13
-1238.13
-1238.13
-1238.13
-1238.13
-1238.13
-1238.13
-1238.13
-1238.13
-1238.13
-1238.13
-1238.13
-1238.13
-1238.13
-1238.13
-1238.13
-1238.13
-1238.13
-1238.13
-1238.13
-1238.13
-1238.13
-1238.13
-1238.13
-1238.13
-1238.13
-1238.13
-1238.13
-1238.13
-1238.13
-1238.13
-1238.13
-1238.13
-1238.13
-1238.13
-1238.13
-1238.13
-1238.13
-1238.13
-1238.13
-1238.13
-1238.13
-1238.13
-1238.13
-1238.13
-1238.13
-1238.13
-1238.13
-1238.13
-1238.13
-1238.13
-1238.13
-1238.13
-1238.13
-1238.13
-1238.13
-1238.13
-1238.13
-1238.13
-1238.13
-1238.13
-1238.13
-1238.13
-1238.13
-1238.13
-1238.13
-1238.13
-1238.13
-1238.13
-1238.13
-1238.13
-1238.13
-1238.13
-1238.13
-1238.13
-1238.13
-1238.13
-1238.13
-1238.13
-1238.13
-1238.13
-1238.13
-1238.13
-1238.13
-1238.13
-1238.13
-1238.13
-1238.13
-1238.13
-1238.13
-1238.13
-1238.13
-1238.13
-1238.13
-1238.13
-1238.13
-1238.13
-1238.13
-1238.13
-1238.13
-1238.13
-1238.13
-1238.13
-1238.13
-1238.13
-1238.13
-1238.13
-1238.13
-1238.13
-1238.13
-1238.13
-1238.13
-1238.13
-1238.13
-1238.13
-1238.13
-1238.13
-1238.13
-1238.13
-1238.13
-1238.13
-1238.13
-1238.13
-1238.13
-1238.13
-1238.13
-1238.13
-1238.13
-1238.13
-1238.13
-1238.13
-1238.13
-1238.13
-1238.13
-1238.13
-1238.13
-1238.13
-1238.13
-1238.13
-1238.13
-1238.13
-1238.13
-1238.13
-1238.13
-1238.13
-1238.13
-1238.13
-1238.13
-1238.13
-1238.13
-1238.13
-1238.13
-1238.13
-1238.13
-1238.13
-1238.13
-1238.13
-1238.13
-1238.13
-1238.13
-1238.13
-1238.13
-1238.13
-1238.13
-1238.13
-1238.13
-1238.13
-1238.13
-1238.13
-1238.13
-1238.13
-1238.13
-1238.13
-1238.13
-1238.13
-1238.13
-1238.13
-1238.13
-1238.13
-1238.13
-1238.13
-1238.13
-1238.13
-1238.13
-1238.13
-1238.13
-1238.13
-1238.13
-1238.13
-1238.13
-1238.13
-1238.13
-1238.13
-1238.13
-1238.13
-1238.13
-1238.13
-1238.13
-1238.13
-1238.13
-1234.53
-1234.53
-1234.53
-1234.53
-1234.53
-1234.53
-1234.53
-1234.53
-1234.53
-1234.53
-1234.53
-1234.53
-1234.53
-1234.53
-1234.53
-1234.53
-1234.53
-1234.53
-1234.53
-1234.53
-1234.53
-1234.53
-1234.53
-1234.53
-1234.53
-1234.53
-1234.53
-1234.53
-1234.53
-1234.53
-1234.53
-1234.53
-1234.53
-1234.53
-1234.53
-1234.53
-1234.53
-1234.53
-1234.53
-1234.53
-1234.53
-1234.53
-1234.53
-1234.53
-1234.53
-1234.53
-1234.53
-1234.53
-1234.53
-1234.53
-1234.53
-1234.53
-1234.53
-1234.53
-1234.53
-1234.53
-1234.53
-1234.53
-1234.53
-1234.53
-1234.53
-1234.53
-1234.53
-1234.53
-1234.53
-1234.53
-1234.53
-1234.53
-1234.53
-1234.53
-1234.53
-1234.53
-1234.53
-1234.53
-1234.53
-1234.53
-1234.53
-1234.53
-1234.53
-1234.53
-1234.53
-1234.53
-1234.53
-1234.53
-1234.53
-1234.53
-1234.53
-1234.53
-1234.53
-1234.53
-1234.53
-1234.53
-1234.53
-1234.53
-1234.53
-1234.53
-1234.53
-1234.53
-1234.53
-1234.53
-1234.53
-1234.53
-1234.53
-1234.53
-1234.53
-1234.53
-1234.53
-1234.53
-1234.53
-1234.53
-1234.53
-1234.53
-1234.53
-1234.53
-1234.53
-1234.53
-1234.53
-1234.53
-1234.53
-1234.53
-1234.53
-1234.53
-1234.53
-1234.53
-1234.53
-1234.53
-1234.53
-1234.53
-1234.53
-1234.53
-1234.53
-1234.53
-1234.53
-1234.53
-1234.53
-1234.53
-1234.53
-1234.53
-1234.53
-1234.53
-1234.53
-1234.53
-1234.53
-1234.53
-1234.53
-1234.53
-1234.53
-1234.53
-1234.53
-1234.53
-1234.53
-1234.53
-1234.53
-1234.53
-1234.53
-1234.53
-1234.53
-1234.53
-1234.53
-1234.53
-1234.53
-1234.53
-1234.53
-1234.53
-1234.53
-1234.53
-1234.53
-1234.53
-1234.53
-1234.53
-1234.53
-1234.53
-1234.53
-1234.53
-1234.53
-1234.53
-1234.53
-1234.53
-1234.53
-1234.53
-1234.53
-1234.53
-1234.53
-1234.53
-1234.53
-1234.53
-1234.53
-1234.53
-1234.53
-1234.53
-1234.53
-1234.53
-1234.53
-1234.53
-1234.53
-1234.53
-1234.53
-1234.53
-1234.53
-1234.53
-1234.53
-1234.53
-1234.53
-1234.53
-1234.53
-1234.53
-1234.53
-1234.53
-1234.53
-1234.53
-1234.53
-1234.53
-1234.53
-1234.53
-1234.53
-1234.53
-1234.53
-1234.53
-1234.53
-1234.53
-1234.53
-1234.53
-1234.53
-1234.53
-1234.53
-1234.53
-1234.53
-1234.53
-1234.53
-1234.53
-1234.53
-1234.53
-1234.53
-1234.53
-1234.53
-1234.53
-1234.53
-1234.53
-1234.53
-1234.53
-1234.53
-1234.53
-1234.53
-1234.53
-1234.53
-1234.53
-1234.53
-1234.53
-1234.53
-1234.53
-1234.53
-1234.53
-1234.53
-1234.53
-1234.53
-1234.53
-1234.53
-1234.53
-1234.53
-1234.53
-1234.53
-1234.53
-1234.53
-1234.53
-1234.53
-1234.53
-1234.53
-1234.53
-1234.53
-1234.53
-1234.53
-1234.53
-1234.53
-1234.53
-1234.53
-1234.53
-1234.53
-1234.53
-1234.53
-1234.53
-1234.53
-1234.53
-1234.53
-1234.53
-1234.53
-1234.53
-1234.53
-1234.53
-1234.53
-1234.53
-1234.53
-1234.53
-1234.53
-1234.53
-1234.53
-1234.53
-1234.53
-1234.53
-1234.53
-1234.53
-1234.53
-1234.53
-1234.53
-1234.53
-1234.53
-1234.53
-1234.53
-1234.53
-1234.53
-1234.53
-1234.53
-1234.53
-1234.53
-1234.53
-1234.53
-1234.53
-1234.53
-1234.53
-1234.53
-1234.53
-1234.53
-1234.53
-1234.53
-1234.53
-1234.53
-1234.53
-1234.53
-1234.53
-1234.53
-1234.53
-1234.53
-1234.53
-1234.53
-1234.53
-1234.53
-1234.53
-1234.53
-1234.53
-1234.53
-1234.53
-1234.53
-1234.53
-1234.53
-1234.53
-1234.53
-1234.53
-1234.53
-1234.53
-1234.53
-1234.53
-1234.53
-1234.53
-1234.53
-1234.53
-1234.53
-1234.53
-1234.53
-1234.53
-1234.53
-1234.53
-1234.53
-1234.53
-1234.53
-1234.53
-1234.53
-1234.53
-1234.53
-1234.53
-1234.53
-1234.53
-1234.53
-1234.53
-1234.53
-1234.53
-1234.53
-1234.53
-1234.53
-1234.53
-1234.53
-1234.53
-1234.53
-1234.53
-1234.53
-1234.53
-1234.53
-1234.53
-1234.53
-1234.53
-1234.53
-1234.53
-1234.53
-1234.53
-1234.53
-1234.53
-1234.53
-1234.53
-1234.53
-1234.53
-1234.53
-1234.53
-1234.53
-1234.53
-1234.53
-1234.53
-1234.53
-1234.53
-1234.53
-1234.53
-1234.53
-1234.53
-1234.53
-1234.53
-1234.53
-1234.53
-1234.53
-1234.53
-1234.53
-1234.53
-1234.53
-1234.53
-1234.53
-1234.53
-1234.53
-1234.53
-1234.53
-1234.53
-1234.53
-1234.53
-1234.53
-1234.53
-1234.53
-1234.53
-1234.53
-1234.53
-1234.53
-1234.53
-1234.53
-1234.53
-1234.53
-1234.53
-1234.53
-1234.53
-1234.53
-1234.53
-1234.53
-1234.53
-1234.53
-1234.53
-1234.53
-1234.53
-1234.53
-1234.53
-1234.53
-1234.53
-1234.53
-1234.53
-1234.53
-1234.53
-1234.53
-1234.53
-1234.53
-1234.53
-1234.53
-1234.53
-1234.53
-1234.53
-1234.53
-1234.53
-1234.53
-1234.53
-1234.53
-1234.53
-1234.53
-1234.53
-1234.53
-1234.53
-1234.53
-1234.53
-1234.53
-1234.53
-1234.53
-1234.53
-1234.53
-1230.93
-1230.93
-1230.93
-1230.93
-1230.93
-1230.93
-1230.93
-1230.93
-1230.93
-1230.93
-1230.93
-1230.93
-1230.93
-1230.93
-1230.93
-1230.93
-1230.93
-1230.93
-1230.93
-1230.93
-1230.93
-1230.93
-1230.93
-1230.93
-1230.93
-1230.93
-1230.93
-1230.93
-1230.93
-1230.93
-1230.93
-1230.93
-1230.93
-1230.93
-1230.93
-1230.93
-1230.93
-1230.93
-1230.93
-1230.93
-1230.93
-1230.93
-1230.93
-1230.93
-1230.93
-1230.93
-1230.93
-1230.93
-1230.93
-1230.93
-1230.93
-1230.93
-1230.93
-1230.93
-1230.93
-1230.93
-1230.93
-1230.93
-1230.93
-1230.93
-1230.93
-1230.93
-1230.93
-1230.93
-1230.93
-1230.93
-1230.93
-1230.93
-1230.93
-1230.93
-1230.93
-1230.93
-1230.93
-1230.93
-1230.93
-1230.93
-1230.93
-1230.93
-1230.93
-1230.93
-1230.93
-1230.93
-1230.93
-1230.93
-1230.93
-1230.93
-1230.93
-1230.93
-1230.93
-1230.93
-1230.93
-1230.93
-1230.93
-1230.93
-1230.93
-1230.93
-1230.93
-1230.93
-1230.93
-1230.93
-1230.93
-1230.93
-1230.93
-1230.93
-1230.93
-1230.93
-1230.93
-1230.93
-1230.93
-1230.93
-1230.93
-1230.93
-1230.93
-1230.93
-1230.93
-1230.93
-1230.93
-1230.93
-1230.93
-1230.93
-1230.93
-1230.93
-1230.93
-1230.93
-1230.93
-1230.93
-1230.93
-1230.93
-1230.93
-1230.93
-1230.93
-1230.93
-1230.93
-1230.93
-1230.93
-1230.93
-1230.93
-1230.93
-1230.93
-1230.93
-1230.93
-1230.93
-1230.93
-1230.93
-1230.93
-1230.93
-1230.93
-1230.93
-1230.93
-1230.93
-1230.93
-1230.93
-1230.93
-1230.93
-1230.93
-1230.93
-1230.93
-1230.93
-1230.93
-1230.93
-1230.93
-1230.93
-1230.93
-1230.93
-1230.93
-1230.93
-1230.93
-1230.93
-1230.93
-1230.93
-1230.93
-1230.93
-1230.93
-1230.93
-1230.93
-1230.93
-1230.93
-1230.93
-1230.93
-1230.93
-1230.93
-1230.93
-1230.93
-1230.93
-1230.93
-1230.93
-1230.93
-1230.93
-1230.93
-1230.93
-1230.93
-1230.93
-1230.93
-1230.93
-1230.93
-1230.93
-1230.93
-1230.93
-1230.93
-1230.93
-1230.93
-1230.93
-1230.93
-1230.93
-1230.93
-1230.93
-1230.93
-1230.93
-1230.93
-1230.93
-1230.93
-1230.93
-1230.93
-1230.93
-1230.93
-1230.93
-1230.93
-1230.93
-1230.93
-1230.93
-1230.93
-1230.93
-1230.93
-1230.93
-1230.93
-1230.93
-1230.93
-1230.93
-1230.93
-1230.93
-1230.93
-1230.93
-1230.93
-1230.93
-1230.93
-1230.93
-1230.93
-1230.93
-1230.93
-1230.93
-1230.93
-1230.93
-1230.93
-1230.93
-1230.93
-1230.93
-1230.93
-1230.93
-1230.93
-1230.93
-1230.93
-1230.93
-1230.93
-1230.93
-1230.93
-1230.93
-1230.93
-1230.93
-1230.93
-1230.93
-1230.93
-1230.93
-1230.93
-1230.93
-1230.93
-1230.93
-1230.93
-1230.93
-1230.93
-1230.93
-1230.93
-1230.93
-1230.93
-1230.93
-1230.93
-1230.93
-1230.93
-1230.93
-1230.93
-1230.93
-1230.93
-1230.93
-1230.93
-1230.93
-1230.93
-1230.93
-1230.93
-1230.93
-1230.93
-1230.93
-1230.93
-1230.93
-1230.93
-1230.93
-1230.93
-1230.93
-1230.93
-1230.93
-1230.93
-1230.93
-1230.93
-1230.93
-1230.93
-1230.93
-1230.93
-1230.93
-1230.93
-1230.93
-1230.93
-1230.93
-1230.93
-1230.93
-1230.93
-1230.93
-1230.93
-1230.93
-1230.93
-1230.93
-1230.93
-1230.93
-1230.93
-1230.93
-1230.93
-1230.93
-1230.93
-1230.93
-1230.93
-1230.93
-1230.93
-1230.93
-1230.93
-1230.93
-1230.93
-1230.93
-1230.93
-1230.93
-1230.93
-1230.93
-1230.93
-1230.93
-1230.93
-1227.33
-1227.33
-1227.33
-1227.33
-1227.33
-1227.33
-1227.33
-1227.33
-1227.33
-1227.33
-1227.33
-1227.33
-1227.33
-1227.33
-1227.33
-1227.33
-1227.33
-1227.33
-1227.33
-1227.33
-1227.33
-1227.33
-1227.33
-1227.33
-1227.33
-1227.33
-1227.33
-1227.33
-1227.33
-1227.33
-1227.33
-1227.33
-1227.33
-1227.33
-1227.33
-1227.33
-1227.33
-1227.33
-1227.33
-1227.33
-1227.33
-1227.33
-1227.33
-1227.33
-1227.33
-1227.33
-1227.33
-1227.33
-1227.33
-1227.33
-1227.33
-1227.33
-1227.33
-1227.33
-1227.33
-1227.33
-1227.33
-1227.33
-1227.33
-1227.33
-1227.33
-1227.33
-1227.33
-1227.33
-1227.33
-1227.33
-1227.33
-1227.33
-1227.33
-1227.33
-1227.33
-1227.33
-1227.33
-1227.33
-1227.33
-1227.33
-1227.33
-1227.33
-1227.33
-1227.33
-1227.33
-1227.33
-1227.33
-1227.33
-1227.33
-1227.33
-1227.33
-1227.33
-1227.33
-1227.33
-1227.33
-1227.33
-1227.33
-1227.33
-1227.33
-1227.33
-1227.33
-1227.33
-1227.33
-1227.33
-1227.33
-1227.33
-1227.33
-1227.33
-1227.33
-1227.33
-1227.33
-1227.33
-1227.33
-1227.33
-1227.33
-1227.33
-1227.33
-1227.33
-1227.33
-1227.33
-1227.33
-1227.33
-1227.33
-1227.33
-1227.33
-1227.33
-1227.33
-1227.33
-1227.33
-1227.33
-1227.33
-1227.33
-1227.33
-1227.33
-1227.33
-1227.33
-1227.33
-1227.33
-1227.33
-1227.33
-1227.33
-1227.33
-1227.33
-1227.33
-1227.33
-1227.33
-1227.33
-1227.33
-1227.33
-1227.33
-1227.33
-1227.33
-1227.33
-1227.33
-1227.33
-1227.33
-1227.33
-1227.33
-1227.33
-1227.33
-1227.33
-1227.33
-1227.33
-1227.33
-1227.33
-1227.33
-1227.33
-1227.33
-1227.33
-1227.33
-1227.33
-1227.33
-1227.33
-1227.33
-1227.33
-1227.33
-1227.33
-1227.33
-1227.33
-1227.33
-1227.33
-1227.33
-1227.33
-1227.33
-1227.33
-1227.33
-1227.33
-1227.33
-1227.33
-1227.33
-1227.33
-1227.33
-1227.33
-1227.33
-1227.33
-1227.33
-1227.33
-1227.33
-1227.33
-1227.33
-1227.33
-1227.33
-1227.33
-1227.33
-1227.33
-1227.33
-1227.33
-1227.33
-1227.33
-1227.33
-1227.33
-1227.33
-1227.33
-1227.33
-1227.33
-1227.33
-1227.33
-1227.33
-1227.33
-1227.33
-1227.33
-1227.33
-1227.33
-1227.33
-1227.33
-1227.33
-1227.33
-1227.33
-1227.33
-1227.33
-1227.33
-1227.33
-1227.33
-1227.33
-1227.33
-1227.33
-1227.33
-1227.33
-1227.33
-1227.33
-1227.33
-1227.33
-1227.33
-1227.33
-1227.33
-1227.33
-1227.33
-1227.33
-1227.33
-1227.33
-1227.33
-1227.33
-1227.33
-1227.33
-1227.33
-1227.33
-1227.33
-1227.33
-1227.33
-1227.33
-1227.33
-1227.33
-1227.33
-1227.33
-1227.33
-1227.33
-1227.33
-1227.33
-1227.33
-1227.33
-1227.33
-1227.33
-1227.33
-1227.33
-1227.33
-1224.63
-1223.73
-1223.73
-1223.73
-1223.73
-1223.73
-1223.73
-1223.73
-1223.73
-1223.73
-1223.73
-1223.73
-1223.73
-1223.73
-1223.73
-1223.73
-1223.73
-1223.73
-1223.73
-1223.73
-1223.73
-1223.73
-1223.73
-1223.73
-1223.73
-1223.73
-1223.73
-1223.73
-1223.73
-1223.73
-1223.73
-1223.73
-1223.73
-1223.73
-1223.73
-1223.73
-1223.73
-1223.73
-1223.73
-1223.73
-1223.73
-1223.73
-1223.73
-1223.73
-1223.73
-1223.73
-1223.73
-1223.73
-1223.73
-1223.73
-1223.73
-1223.73
-1223.73
-1223.73
-1223.73
-1223.73
-1223.73
-1223.73
-1223.73
-1223.73
-1223.73
-1223.73
-1223.73
-1223.73
-1223.73
-1223.73
-1223.73
-1223.73
-1223.73
-1223.73
-1223.73
-1223.73
-1223.73
-1223.73
-1223.73
-1223.73
-1223.73
-1223.73
-1223.73
-1223.73
-1223.73
-1223.73
-1223.73
-1223.73
-1223.73
-1223.73
-1223.73
-1223.73
-1223.73
-1223.73
-1223.73
-1223.73
-1223.73
-1223.73
-1223.73
-1223.73
-1223.73
-1223.73
-1223.73
-1223.73
-1223.73
-1223.73
-1223.73
-1223.73
-1223.73
-1223.73
-1223.73
-1223.73
-1223.73
-1223.73
-1223.73
-1223.73
-1223.73
-1223.73
-1223.73
-1223.73
-1223.73
-1223.73
-1223.73
-1223.73
-1223.73
-1223.73
-1223.73
-1223.73
-1223.73
-1223.73
-1223.73
-1223.73
-1223.73
-1223.73
-1223.73
-1223.73
-1223.73
-1223.73
-1223.73
-1223.73
-1223.73
-1223.73
-1223.73
-1223.73
-1223.73
-1223.73
-1223.73
-1223.73
-1223.73
-1223.73
-1223.73
-1223.73
-1223.73
-1223.73
-1223.73
-1223.73
-1223.73
-1223.73
-1223.73
-1223.73
-1223.73
-1223.73
-1223.73
-1223.73
-1223.73
-1223.73
-1223.73
-1223.73
-1223.73
-1223.73
-1223.73
-1223.73
-1223.73
-1223.73
-1223.73
-1223.73
-1223.73
-1223.73
-1223.73
-1223.73
-1223.73
-1223.73
-1223.73
-1223.73
-1223.73
-1223.73
-1223.73
-1223.73
-1223.73
-1223.73
-1223.73
-1223.73
-1223.73
-1223.73
-1223.73
-1223.73
-1223.73
-1223.73
-1223.73
-1223.73
-1223.73
-1223.73
-1223.73
-1223.73
-1223.73
-1223.73
-1223.73
-1223.73
-1223.73
-1223.73
-1223.73
-1223.73
-1220.13
-1220.13
-1220.13
-1220.13
-1220.13
-1220.13
-1220.13
-1220.13
-1220.13
-1220.13
-1220.13
-1220.13
-1220.13
-1220.13
-1220.13
-1220.13
-1220.13
-1220.13
-1220.13
-1220.13
-1220.13
-1220.13
-1220.13
-1220.13
-1220.13
-1220.13
-1220.13
-1220.13
-1220.13
-1220.13
-1220.13
-1220.13
-1220.13
-1220.13
-1220.13
-1220.13
-1220.13
-1220.13
-1220.13
-1220.13
-1220.13
-1220.13
-1220.13
-1220.13
-1220.13
-1220.13
-1220.13
-1220.13
-1220.13
-1220.13
-1220.13
-1220.13
-1220.13
-1220.13
-1220.13
-1220.13
-1220.13
-1220.13
-1220.13
-1220.13
-1220.13
-1220.13
-1220.13
-1220.13
-1220.13
-1220.13
-1220.13
-1220.13
-1220.13
-1220.13
-1220.13
-1220.13
-1220.13
-1220.13
-1220.13
-1220.13
-1220.13
-1220.13
-1220.13
-1220.13
-1220.13
-1220.13
-1220.13
-1220.13
-1220.13
-1220.13
-1220.13
-1220.13
-1220.13
-1220.13
-1220.13
-1220.13
-1220.13
-1220.13
-1220.13
-1220.13
-1220.13
-1220.13
-1220.13
-1220.13
-1220.13
-1220.13
-1220.13
-1220.13
-1220.13
-1220.13
-1220.13
-1220.13
-1220.13
-1220.13
-1220.13
-1220.13
-1220.13
-1220.13
-1220.13
-1220.13
-1220.13
-1220.13
-1220.13
-1220.13
-1220.13
-1220.13
-1220.13
-1220.13
-1220.13
-1220.13
-1220.13
-1220.13
-1220.13
-1220.13
-1220.13
-1220.13
-1220.13
-1220.13
-1220.13
-1220.13
-1220.13
-1220.13
-1220.13
-1220.13
-1220.13
-1220.13
-1220.13
-1220.13
-1220.13
-1220.13
-1220.13
-1220.13
-1220.13
-1220.13
-1220.13
-1220.13
-1220.13
-1220.13
-1220.13
-1220.13
-1220.13
-1220.13
-1220.13
-1220.13
-1220.13
-1220.13
-1220.13
-1220.13
-1220.13
-1220.13
-1220.13
-1220.13
-1220.13
-1220.13
-1220.13
-1220.13
-1220.13
-1220.13
-1220.13
-1220.13
-1220.13
-1220.13
-1220.13
-1220.13
-1220.13
-1220.13
-1220.13
-1220.13
-1220.13
-1220.13
-1220.13
-1220.13
-1220.13
-1220.13
-1220.13
-1220.13
-1220.13
-1220.13
-1220.13
-1220.13
-1220.13
-1220.13
-1220.13
-1220.13
-1220.13
-1220.13
-1220.13
-1220.13
-1220.13
-1220.13
-1220.13
-1220.13
-1220.13
-1220.13
-1220.13
-1220.13
-1220.13
-1220.13
-1220.13
-1220.13
-1220.13
-1220.13
-1220.13
-1220.13
-1220.13
-1220.13
-1220.13
-1220.13
-1220.13
-1220.13
-1220.13
-1220.13
-1220.13
-1220.13
-1220.13
-1220.13
-1220.13
-1220.13
-1220.13
-1220.13
-1220.13
-1220.13
-1220.13
-1220.13
-1220.13
-1220.13
-1220.13
-1220.13
-1220.13
-1220.13
-1220.13
-1220.13
-1220.13
-1220.13
-1220.13
-1220.13
-1220.13
-1220.13
-1220.13
-1220.13
-1220.13
-1220.13
-1220.13
-1220.13
-1220.13
-1220.13
-1220.13
-1220.13
-1220.13
-1220.13
-1220.13
-1220.13
-1220.13
-1220.13
-1220.13
-1220.13
-1220.13
-1220.13
-1220.13
-1220.13
-1220.13
-1220.13
-1220.13
-1220.13
-1220.13
-1220.13
-1220.13
-1220.13
-1220.13
-1220.13
-1220.13
-1220.13
-1220.13
-1220.13
-1220.13
-1220.13
-1220.13
-1220.13
-1220.13
-1220.13
-1220.13
-1220.13
-1220.13
-1220.13
-1220.13
-1220.13
-1220.13
-1220.13
-1220.13
-1220.13
-1220.13
-1220.13
-1220.13
-1220.13
-1220.13
-1220.13
-1220.13
-1220.13
-1220.13
-1220.13
-1220.13
-1220.13
-1220.13
-1220.13
-1220.13
-1220.13
-1220.13
-1220.13
-1220.13
-1220.13
-1220.13
-1220.13
-1220.13
-1220.13
-1220.13
-1220.13
-1220.13
-1220.13
-1220.13
-1220.13
-1220.13
-1220.13
-1220.13
-1220.13
-1220.13
-1220.13
-1220.13
-1220.13
-1220.13
-1220.13
-1220.13
-1220.13
-1220.13
-1220.13
-1220.13
-1220.13
-1220.13
-1220.13
-1220.13
-1220.13
-1220.13
-1220.13
-1220.13
-1220.13
-1220.13
-1220.13
-1220.13
-1220.13
-1220.13
-1220.13
-1220.13
-1220.13
-1220.13
-1220.13
-1220.13
-1220.13
-1220.13
-1220.13
-1220.13
-1220.13
-1220.13
-1220.13
-1220.13
-1220.13
-1220.13
-1220.13
-1220.13
-1220.13
-1220.13
-1220.13
-1220.13
-1220.13
-1220.13
-1220.13
-1220.13
-1220.13
-1220.13
-1220.13
-1220.13
-1220.13
-1220.13
-1220.13
-1220.13
-1220.13
-1220.13
-1220.13
-1220.13
-1220.13
-1220.13
-1220.13
-1220.13
-1220.13
-1220.13
-1220.13
-1220.13
-1220.13
-1220.13
-1220.13
-1220.13
-1220.13
-1220.13
-1220.13
-1220.13
-1220.13
-1220.13
-1220.13
-1220.13
-1220.13
-1220.13
-1220.13
-1220.13
-1220.13
-1220.13
-1220.13
-1220.13
-1220.13
-1220.13
-1220.13
-1220.13
-1220.13
-1220.13
-1220.13
-1220.13
-1220.13
-1220.13
-1220.13
-1220.13
-1220.13
-1220.13
-1220.13
-1220.13
-1220.13
-1220.13
-1220.13
-1220.13
-1220.13
-1220.13
-1220.13
-1220.13
-1220.13
-1220.13
-1220.13
-1220.13
-1220.13
-1220.13
-1220.13
-1220.13
-1220.13
-1220.13
-1220.13
-1220.13
-1220.13
-1220.13
-1220.13
-1220.13
-1220.13
-1220.13
-1220.13
-1220.13
-1220.13
-1220.13
-1220.13
-1220.13
-1220.13
-1220.13
-1220.13
-1220.13
-1220.13
-1220.13
-1220.13
-1220.13
-1220.13
-1220.13
-1220.13
-1220.13
-1220.13
-1220.13
-1220.13
-1220.13
-1220.13
-1220.13
-1220.13
-1220.13
-1220.13
-1220.13
-1220.13
-1220.13
-1220.13
-1220.13
-1220.13
-1220.13
-1220.13
-1220.13
-1220.13
-1220.13
-1220.13
-1220.13
-1220.13
-1220.13
-1220.13
-1220.13
-1220.13
-1220.13
-1220.13
-1220.13
-1220.13
-1220.13
-1220.13
-1220.13
-1220.13
-1220.13
-1220.13
-1220.13
-1220.13
-1220.13
-1220.13
-1220.13
-1220.13
-1220.13
-1220.13
-1220.13
-1220.13
-1220.13
-1220.13
-1220.13
-1220.13
-1220.13
-1220.13
-1220.13
-1220.13
-1220.13
-1220.13
-1220.13
-1220.13
-1220.13
-1220.13
-1220.13
-1220.13
-1220.13
-1220.13
-1220.13
-1220.13
-1220.13
-1220.13
-1220.13
-1220.13
-1220.13
-1220.13
-1220.13
-1220.13
-1220.13
-1220.13
-1220.13
-1220.13
-1220.13
-1220.13
-1220.13
-1220.13
-1220.13
-1220.13
-1220.13
-1220.13
-1220.13
-1220.13
-1220.13
-1220.13
-1220.13
-1220.13
-1220.13
-1220.13
-1220.13
-1220.13
-1220.13
-1220.13
-1220.13
-1220.13
-1220.13
-1220.13
-1220.13
-1220.13
-1220.13
-1220.13
-1220.13
-1220.13
-1220.13
-1220.13
-1220.13
-1220.13
-1220.13
-1220.13
-1220.13
-1220.13
-1220.13
-1220.13
-1220.13
-1220.13
-1220.13
-1220.13
-1220.13
-1220.13
-1220.13
-1220.13
-1220.13
-1220.13
-1220.13
-1220.13
-1220.13
-1220.13
-1220.13
-1220.13
-1220.13
-1220.13
-1220.13
-1220.13
-1220.13
-1220.13
-1220.13
-1220.13
-1220.13
-1220.13
-1220.13
-1220.13
-1220.13
-1220.13
-1220.13
-1220.13
-1220.13
-1220.13
-1220.13
-1220.13
-1220.13
-1220.13
-1220.13
-1220.13
-1220.13
-1220.13
-1220.13
-1220.13
-1220.13
-1220.13
-1220.13
-1220.13
-1220.13
-1220.13
-1220.13
-1220.13
-1220.13
-1220.13
-1220.13
-1220.13
-1220.13
-1220.13
-1220.13
-1220.13
-1220.13
-1220.13
-1220.13
-1220.13
-1220.13
-1220.13
-1220.13
-1220.13
-1220.13
-1220.13
-1220.13
-1220.13
-1220.13
-1220.13
-1220.13
-1220.13
-1220.13
-1220.13
-1220.13
-1220.13
-1220.13
-1220.13
-1220.13
-1220.13
-1220.13
-1220.13
-1220.13
-1220.13
-1220.13
-1220.13
-1220.13
-1220.13
-1220.13
-1220.13
-1220.13
-1220.13
-1220.13
-1220.13
-1220.13
-1220.13
-1220.13
-1220.13
-1220.13
-1220.13
-1220.13
-1220.13
-1220.13
-1220.13
-1220.13
-1220.13
-1220.13
-1220.13
-1220.13
-1220.13
-1220.13
-1220.13
-1220.13
-1220.13
-1220.13
-1220.13
-1220.13
-1220.13
-1220.13
-1220.13
-1220.13
-1220.13
-1220.13
-1220.13
-1220.13
-1220.13
-1220.13
-1220.13
-1220.13
-1220.13
-1220.13
-1220.13
-1220.13
-1220.13
-1220.13
-1220.13
-1220.13
-1220.13
-1220.13
-1220.13
-1220.13
-1220.13
-1220.13
-1220.13
-1220.13
-1220.13
-1220.13
-1220.13
-1220.13
-1220.13
-1220.13
-1220.13
-1220.13
-1220.13
-1220.13
-1220.13
-1220.13
-1220.13
-1220.13
-1220.13
-1220.13
-1220.13
-1220.13
-1220.13
-1220.13
-1220.13
-1220.13
-1220.13
-1220.13
-1220.13
-1220.13
-1220.13
-1220.13
-1220.13
-1220.13
-1220.13
-1220.13
-1220.13
-1220.13
-1220.13
-1220.13
-1220.13
-1220.13
-1220.13
-1220.13
-1220.13
-1220.13
-1220.13
-1220.13
-1220.13
-1220.13
-1220.13
-1220.13
-1220.13
-1220.13
-1220.13
-1220.13
-1220.13
-1220.13
-1220.13
-1220.13
-1220.13
-1220.13
-1220.13
-1220.13
-1220.13
-1220.13
-1220.13
-1220.13
-1220.13
-1220.13
-1220.13
-1220.13
-1220.13
-1220.13
-1220.13
-1220.13
-1220.13
-1220.13
-1220.13
-1220.13
-1220.13
-1220.13
-1220.13
-1220.13
-1220.13
-1220.13
-1220.13
-1220.13
-1220.13
-1220.13
-1220.13
-1220.13
-1220.13
-1220.13
-1220.13
-1220.13
-1220.13
-1220.13
-1220.13
-1220.13
-1220.13
-1220.13
-1220.13
-1220.13
-1220.13
-1220.13
-1220.13
-1220.13
-1220.13
-1220.13
-1220.13
-1220.13
-1220.13
-1220.13
-1220.13
-1220.13
-1220.13
-1220.13
-1220.13
-1220.13
-1220.13
-1220.13
-1220.13
-1220.13
-1220.13
-1220.13
-1220.13
-1220.13
-1220.13
-1220.13
-1220.13
-1220.13
-1220.13
-1220.13
-1220.13
-1220.13
-1220.13
-1220.13
-1220.13
-1220.13
-1220.13
-1220.13
-1220.13
-1220.13
-1220.13
-1220.13
-1220.13
-1220.13
-1220.13
-1220.13
-1220.13
-1220.13
-1220.13
-1220.13
-1220.13
-1220.13
-1220.13
-1220.13
-1220.13
-1220.13
-1220.13
-1220.13
-1220.13
-1220.13
-1220.13
-1220.13
-1220.13
-1220.13
-1220.13
-1220.13
-1220.13
-1220.13
-1220.13
-1220.13
-1220.13
-1220.13
-1220.13
-1220.13
-1220.13
-1220.13
-1220.13
-1220.13
-1220.13
-1220.13
-1220.13
-1220.13
-1220.13
-1220.13
-1220.13
-1220.13
-1220.13
-1220.13
-1220.13
-1220.13
-1220.13
-1220.13
-1220.13
-1220.13
-1220.13
-1220.13
-1220.13
-1220.13
-1220.13
-1220.13
-1220.13
-1220.13
-1220.13
-1220.13
-1220.13
-1220.13
-1220.13
-1220.13
-1220.13
-1220.13
-1220.13
-1220.13
-1220.13
-1220.13
-1220.13
-1220.13
-1220.13
-1220.13
-1220.13
-1220.13
-1220.13
-1220.13
-1220.13
-1220.13
-1220.13
-1220.13
-1220.13
-1220.13
-1220.13
-1220.13
-1220.13
-1220.13
-1220.13
-1220.13
-1220.13
-1220.13
-1220.13
-1220.13
-1220.13
-1220.13
-1220.13
-1220.13
-1220.13
-1220.13
-1220.13
-1220.13
-1220.13
-1220.13
-1220.13
-1220.13
-1220.13
-1220.13
-1220.13
-1220.13
-1220.13
-1220.13
-1220.13
-1220.13
-1220.13
-1220.13
-1220.13
-1220.13
-1220.13
-1220.13
-1220.13
-1220.13
-1220.13
-1220.13
-1220.13
-1220.13
-1220.13
-1220.13
-1220.13
-1220.13
-1220.13
-1220.13
-1220.13
-1220.13
-1220.13
-1220.13
-1220.13
-1220.13
-1220.13
-1220.13
-1220.13
-1220.13
-1220.13
-1220.13
-1220.13
-1220.13
-1220.13
-1220.13
-1220.13
-1220.13
-1220.13
-1220.13
-1220.13
-1220.13
-1220.13
-1220.13
-1220.13
-1220.13
-1220.13
-1220.13
-1220.13
-1220.13
-1220.13
-1220.13
-1220.13
-1220.13
-1220.13
-1220.13
-1220.13
-1220.13
-1220.13
-1220.13
-1220.13
-1220.13
-1220.13
-1220.13
-1220.13
-1220.13
-1220.13
-1220.13
-1220.13
-1220.13
-1220.13
-1220.13
-1220.13
-1220.13
-1220.13
-1220.13
-1220.13
-1220.13
-1220.13
-1220.13
-1220.13
-1220.13
-1220.13
-1220.13
-1220.13
-1220.13
-1220.13
-1220.13
-1220.13
-1220.13
-1220.13
-1220.13
-1220.13
-1220.13
-1220.13
-1220.13
-1220.13
-1220.13
-1220.13
-1220.13
-1220.13
-1220.13
-1220.13
-1220.13
-1220.13
-1220.13
-1220.13
-1220.13
-1220.13
-1220.13
-1220.13
-1220.13
-1220.13
-1220.13
-1220.13
-1220.13
-1220.13
-1220.13
-1220.13
-1220.13
-1220.13
-1220.13
-1220.13
-1220.13
-1220.13
-1220.13
-1220.13
-1220.13
-1220.13
-1220.13
-1220.13
-1220.13
-1220.13
-1220.13
-1220.13
-1220.13
-1220.13
-1220.13
-1220.13
-1220.13
-1220.13
-1220.13
-1220.13
-1220.13
-1220.13
-1220.13
-1220.13
-1220.13
-1220.13
-1220.13
-1220.13
-1220.13
-1220.13
-1220.13
-1220.13
-1220.13
-1220.13
-1220.13
-1220.13
-1220.13
-1220.13
-1220.13
-1220.13
-1220.13
-1220.13
-1220.13
-1220.13
-1220.13
-1220.13
-1220.13
-1220.13
-1220.13
-1220.13
-1220.13
-1220.13
-1220.13
-1220.13
-1220.13
-1220.13
-1220.13
-1220.13
-1220.13
-1220.13
-1220.13
-1220.13
-1220.13
-1220.13
-1220.13
-1220.13
-1220.13
-1220.13
-1220.13
-1220.13
-1220.13
-1220.13
-1220.13
-1220.13
-1220.13
-1220.13
-1220.13
-1220.13
-1220.13
-1220.13
-1220.13
-1220.13
-1220.13
-1220.13
-1220.13
-1220.13
-1220.13
-1220.13
-1220.13
-1220.13
-1220.13
-1220.13
-1220.13
-1220.13
-1220.13
-1220.13
-1220.13
-1220.13
-1220.13
-1220.13
-1220.13
-1220.13
-1220.13
-1220.13
-1220.13
-1220.13
-1220.13
-1220.13
-1220.13
-1220.13
-1220.13
-1220.13
-1220.13
-1220.13
-1220.13
-1220.13
-1220.13
-1220.13
-1220.13
-1220.13
-1220.13
-1220.13
-1220.13
-1220.13
-1220.13
-1220.13
-1220.13
-1220.13
-1220.13
-1220.13
-1220.13
-1220.13
-1220.13
-1220.13
-1220.13
-1220.13
-1220.13
-1220.13
-1220.13
-1220.13
-1220.13
-1220.13
-1220.13
-1220.13
-1220.13
-1220.13
-1220.13
-1220.13
-1220.13
-1220.13
-1220.13
-1220.13
-1220.13
-1220.13
-1220.13
-1220.13
-1220.13
-1220.13
-1220.13
-1220.13
-1220.13
-1220.13
-1220.13
-1220.13
-1220.13
-1220.13
-1220.13
-1220.13
-1220.13
-1220.13
-1220.13
-1220.13
-1220.13
-1220.13
-1220.13
-1220.13
-1220.13
-1220.13
-1220.13
-1220.13
-1220.13
-1220.13
-1220.13
-1220.13
-1220.13
-1220.13
-1220.13
-1220.13
-1220.13
-1220.13
-1220.13
-1220.13
-1220.13
-1220.13
-1220.13
-1220.13
-1220.13
-1220.13
-1220.13
-1220.13
-1220.13
-1220.13
-1220.13
-1220.13
-1220.13
-1220.13
-1220.13
-1220.13
-1220.13
-1220.13
-1220.13
-1220.13
-1220.13
-1220.13
-1220.13
-1220.13
-1220.13
-1220.13
-1220.13
-1220.13
-1220.13
-1220.13
-1220.13
-1220.13
-1220.13
-1220.13
-1220.13
-1220.13
-1220.13
-1220.13
-1220.13
-1220.13
-1220.13
-1220.13
-1220.13
-1220.13
-1220.13
-1220.13
-1220.13
-1220.13
-1220.13
-1220.13
-1220.13
-1220.13
-1220.13
-1220.13
-1220.13
-1220.13
-1220.13
-1220.13
-1220.13
-1220.13
-1220.13
-1220.13
-1220.13
-1220.13
-1220.13
-1220.13
-1220.13
-1220.13
-1220.13
-1220.13
-1220.13
-1220.13
-1220.13
-1220.13
-1220.13
-1220.13
-1220.13
-1220.13
-1220.13
-1220.13
-1220.13
-1220.13
-1220.13
-1220.13
-1220.13
-1220.13
-1220.13
-1220.13
-1220.13
-1220.13
-1220.13
-1220.13
-1220.13
-1220.13
-1220.13
-1220.13
-1220.13
-1220.13
-1220.13
-1220.13
-1220.13
-1220.13
-1220.13
-1220.13
-1220.13
-1220.13
-1220.13
-1220.13
-1220.13
-1220.13
-1220.13
-1220.13
-1220.13
-1220.13
-1220.13
-1220.13
-1220.13
-1220.13
-1220.13
-1220.13
-1220.13
-1220.13
-1220.13
-1220.13
-1220.13
-1220.13
-1220.13
-1220.13
-1220.13
-1220.13
-1220.13
-1220.13
-1220.13
-1220.13
-1220.13
-1220.13
-1220.13
-1220.13
-1220.13
-1220.13
-1220.13
-1220.13
-1220.13
-1220.13
-1220.13
-1220.13
-1220.13
-1220.13
-1220.13
-1220.13
-1220.13
-1220.13
-1220.13
-1220.13
-1220.13
-1220.13
-1220.13
-1220.13
-1220.13
-1220.13
-1220.13
-1220.13
-1220.13
-1220.13
-1220.13
-1220.13
-1220.13
-1220.13
-1220.13
-1220.13
-1220.13
-1220.13
-1220.13
-1220.13
-1220.13
-1220.13
-1220.13
-1220.13
-1220.13
-1220.13
-1220.13
-1220.13
-1220.13
-1220.13
-1220.13
-1220.13
-1220.13
-1220.13
-1220.13
-1220.13
-1220.13
-1220.13
-1220.13
-1220.13
-1220.13
-1220.13
-1220.13
-1220.13
-1220.13
-1220.13
-1220.13
-1220.13
-1220.13
-1220.13
-1220.13
-1220.13
-1220.13
-1220.13
-1220.13
-1220.13
-1220.13
-1220.13
-1220.13
-1220.13
-1220.13
-1220.13
-1220.13
-1220.13
-1220.13
-1220.13
-1220.13
-1220.13
-1220.13
-1220.13
-1220.13
-1220.13
-1220.13
-1220.13
-1220.13
-1220.13
-1220.13
-1220.13
-1220.13
-1220.13
-1220.13
-1220.13
-1220.13
-1220.13
-1220.13
-1220.13
-1220.13
-1220.13
-1220.13
-1220.13
-1220.13
-1220.13
-1220.13
-1220.13
-1220.13
-1220.13
-1220.13
-1220.13
-1220.13
-1220.13
-1220.13
-1220.13
-1220.13
-1220.13
-1220.13
-1220.13
-1220.13
-1220.13
-1220.13
-1220.13
-1220.13
-1220.13
-1220.13
-1220.13
-1220.13
-1220.13
-1220.13
-1220.13
-1220.13
-1220.13
-1220.13
-1220.13
-1220.13
-1220.13
-1220.13
-1220.13
-1220.13
-1220.13
-1220.13
-1220.13
-1220.13
-1220.13
-1220.13
-1220.13
-1220.13
-1220.13
-1220.13
-1220.13
-1220.13
-1220.13
-1220.13
-1220.13
-1220.13
-1220.13
-1220.13
-1220.13
-1220.13
-1220.13
-1220.13
-1220.13
-1220.13
-1220.13
-1220.13
-1220.13
-1220.13
-1220.13
-1220.13
-1220.13
-1220.13
-1220.13
-1220.13
-1220.13
-1220.13
-1220.13
-1220.13
-1220.13
-1220.13
-1220.13
-1220.13
-1220.13
-1220.13
-1220.13
-1220.13
-1220.13
-1220.13
-1220.13
-1220.13
-1220.13
-1220.13
-1220.13
-1220.13
-1220.13
-1220.13
-1220.13
-1220.13
-1220.13
-1220.13
-1220.13
-1220.13
-1220.13
-1220.13
-1220.13
-1220.13
-1220.13
-1220.13
-1220.13
-1220.13
-1220.13
-1220.13
-1220.13
-1220.13
-1220.13
-1220.13
-1220.13
-1220.13
-1220.13
-1220.13
-1220.13
-1220.13
-1220.13
-1220.13
-1220.13
-1220.13
-1220.13
-1220.13
-1220.13
-1220.13
-1220.13
-1220.13
-1220.13
-1220.13
-1220.13
-1220.13
-1220.13
-1220.13
-1220.13
-1220.13
-1220.13
-1220.13
-1220.13
-1220.13
-1220.13
-1220.13
-1220.13
-1220.13
-1220.13
-1220.13
-1220.13
-1220.13
-1220.13
-1220.13
-1220.13
-1220.13
-1220.13
-1220.13
-1220.13
-1220.13
-1220.13
-1220.13
-1220.13
-1220.13
-1220.13
-1220.13
-1220.13
-1220.13
-1220.13
-1220.13
-1220.13
-1220.13
-1220.13
-1220.13
-1220.13
-1220.13
-1220.13
-1220.13
-1220.13
-1220.13
-1220.13
-1220.13
-1220.13
-1220.13
-1220.13
-1220.13
-1220.13
-1220.13
-1220.13
-1220.13
-1220.13
-1220.13
-1220.13
-1220.13
-1220.13
-1220.13
-1220.13
-1220.13
-1220.13
-1220.13
-1220.13
-1220.13
-1220.13
-1220.13
-1220.13
-1220.13
-1220.13
-1220.13
-1220.13
-1220.13
-1220.13
-1220.13
-1220.13
-1220.13
-1220.13
-1220.13
-1220.13
-1220.13
-1220.13
-1220.13
-1220.13
-1220.13
-1220.13
-1220.13
-1220.13
-1220.13
-1220.13
-1220.13
-1220.13
-1220.13
-1220.13
-1220.13
-1220.13
-1220.13
-1220.13
-1220.13
-1220.13
-1220.13
-1220.13
-1220.13
-1220.13
-1220.13
-1220.13
-1220.13
-1220.13
-1220.13
-1220.13
-1220.13
-1220.13
-1220.13
-1220.13
-1220.13
-1220.13
-1220.13
-1220.13
-1220.13
-1220.13
-1220.13
-1220.13
-1220.13
-1220.13
-1220.13
-1220.13
-1220.13
-1220.13
-1220.13
-1220.13
-1220.13
-1220.13
-1220.13
-1220.13
-1220.13
-1220.13
-1220.13
-1220.13
-1220.13
-1220.13
-1220.13
-1220.13
-1220.13
-1220.13
-1220.13
-1220.13
-1220.13
-1220.13
-1220.13
-1220.13
-1220.13
-1220.13
-1220.13
-1220.13
-1220.13
-1220.13
-1220.13
-1220.13
-1220.13
-1220.13
-1220.13
-1220.13
-1220.13
-1220.13
-1220.13
-1220.13
-1220.13
-1220.13
-1220.13
-1220.13
-1220.13
-1220.13
-1220.13
-1220.13
-1220.13
-1220.13
-1220.13
-1220.13
-1220.13
-1220.13
-1220.13
-1220.13
-1220.13
-1220.13
-1220.13
-1220.13
-1220.13
-1220.13
-1220.13
-1220.13
-1220.13
-1220.13
-1220.13
-1220.13
-1220.13
-1220.13
-1220.13
-1220.13
-1220.13
-1220.13
-1220.13
-1220.13
-1220.13
-1220.13
-1220.13
-1220.13
-1220.13
-1220.13
-1220.13
-1220.13
-1220.13
-1220.13
-1220.13
-1220.13
-1220.13
-1220.13
-1220.13
-1220.13
-1220.13
-1220.13
-1220.13
-1220.13
-1220.13
-1220.13
-1220.13
-1220.13
-1220.13
-1220.13
-1220.13
-1220.13
-1220.13
-1220.13
-1220.13
-1220.13
-1220.13
-1220.13
-1220.13
-1220.13
-1220.13
-1220.13
-1220.13
-1220.13
-1220.13
-1220.13
-1220.13
-1220.13
-1220.13
-1220.13
-1220.13
-1220.13
-1220.13
-1220.13
-1220.13
-1220.13
-1220.13
-1220.13
-1220.13
-1220.13
-1220.13
-1220.13
-1220.13
-1220.13
-1220.13
-1220.13
-1220.13
-1220.13
-1220.13
-1220.13
-1220.13
-1220.13
-1220.13
-1220.13
-1220.13
-1220.13
-1220.13
-1220.13
-1220.13
-1220.13
-1220.13
-1220.13
-1220.13
-1220.13
-1220.13
-1220.13
-1220.13
-1220.13
-1220.13
-1220.13
-1220.13
-1220.13
-1220.13
-1220.13
-1220.13
-1220.13
-1220.13
-1220.13
-1220.13
-1220.13
-1220.13
-1220.13
-1220.13
-1220.13
-1220.13
-1220.13
-1220.13
-1220.13
-1220.13
-1220.13
-1220.13
-1220.13
-1220.13
-1220.13
-1220.13
-1220.13
-1220.13
-1220.13
-1220.13
-1220.13
-1220.13
-1220.13
-1220.13
-1220.13
-1220.13
-1220.13
-1220.13
-1220.13
-1220.13
-1220.13
-1220.13
-1220.13
-1220.13
-1220.13
-1220.13
-1220.13
-1220.13
-1220.13
-1220.13
-1220.13
-1220.13
-1220.13
-1220.13
-1220.13
-1220.13
-1220.13
-1220.13
-1220.13
-1220.13
-1220.13
-1220.13
-1220.13
-1220.13
-1220.13
-1220.13
-1220.13
-1220.13
-1220.13
-1220.13
-1220.13
-1220.13
-1220.13
-1220.13
-1220.13
-1220.13
-1220.13
-1220.13
-1220.13
-1220.13
-1220.13
-1220.13
-1220.13
-1220.13
-1220.13
-1220.13
-1220.13
-1220.13
-1220.13
-1220.13
-1220.13
-1220.13
-1220.13
-1220.13
-1220.13
-1220.13
-1220.13
-1220.13
-1220.13
-1220.13
-1220.13
-1220.13
-1220.13
-1220.13
-1220.13
-1220.13
-1220.13
-1220.13
-1220.13
-1220.13
-1220.13
-1220.13
-1220.13
-1220.13
-1220.13
-1220.13
-1220.13
-1220.13
-1220.13
-1220.13
-1220.13
-1220.13
-1220.13
-1220.13
-1220.13
-1220.13
-1220.13
-1220.13
-1220.13
-1220.13
-1220.13
-1220.13
-1220.13
-1220.13
-1220.13
-1220.13
-1220.13
-1220.13
-1220.13
-1220.13
-1220.13
-1220.13
-1220.13
-1220.13
-1220.13
-1220.13
-1220.13
-1220.13
-1220.13
-1220.13
-1220.13
-1220.13
-1220.13
-1220.13
-1220.13
-1220.13
-1220.13
-1220.13
-1220.13
-1220.13
-1220.13
-1220.13
-1220.13
-1220.13
-1220.13
-1220.13
-1220.13
-1220.13
-1220.13
-1220.13
-1220.13
-1220.13
-1220.13
-1220.13
-1220.13
-1220.13
-1220.13
-1220.13
-1220.13
-1220.13
-1220.13
-1220.13
-1220.13
-1220.13
-1220.13
-1220.13
-1220.13
-1220.13
-1220.13
-1220.13
-1220.13
-1220.13
-1220.13
-1220.13
-1220.13
-1220.13
-1220.13
-1220.13
-1220.13
-1220.13
-1220.13
-1220.13
-1220.13
-1220.13
-1220.13
-1220.13
-1220.13
-1220.13
-1220.13
-1220.13
-1220.13
-1220.13
-1220.13
-1220.13
-1220.13
-1220.13
-1220.13
-1220.13
-1220.13
-1220.13
-1220.13
-1220.13
-1220.13
-1220.13
-1220.13
-1220.13
-1220.13
-1220.13
-1220.13
-1220.13
-1220.13
-1220.13
-1220.13
-1220.13
-1220.13
-1220.13
-1220.13
-1220.13
-1220.13
-1220.13
-1220.13
-1220.13
-1220.13
-1220.13
-1220.13
-1220.13
-1220.13
-1220.13
-1220.13
-1220.13
-1220.13
-1220.13
-1220.13
-1220.13
-1220.13
-1220.13
-1220.13
-1220.13
-1220.13
-1220.13
-1220.13
-1220.13
-1220.13
-1220.13
-1220.13
-1220.13
-1220.13
-1220.13
-1220.13
-1220.13
-1220.13
-1220.13
-1220.13
-1220.13
-1220.13
-1220.13
-1220.13
-1220.13
-1220.13
-1220.13
-1220.13
-1220.13
-1220.13
-1220.13
-1220.13
-1220.13
-1220.13
-1220.13
-1220.13
-1220.13
-1220.13
-1220.13
-1220.13
-1220.13
-1220.13
-1220.13
-1220.13
-1220.13
-1220.13
-1220.13
-1220.13
-1220.13
-1220.13
-1220.13
-1220.13
-1220.13
-1220.13
-1220.13
-1220.13
-1220.13
-1220.13
-1220.13
-1220.13
-1220.13
-1220.13
-1220.13
-1220.13
-1220.13
-1220.13
-1220.13
-1220.13
-1220.13
-1220.13
-1220.13
-1220.13
-1220.13
-1220.13
-1220.13
-1220.13
-1220.13
-1220.13
-1220.13
-1220.13
-1220.13
-1220.13
-1220.13
-1220.13
-1220.13
-1220.13
-1220.13
-1220.13
-1220.13
-1220.13
-1220.13
-1220.13
-1220.13
-1220.13
-1220.13
-1220.13
-1220.13
-1220.13
-1220.13
-1220.13
-1220.13
-1220.13
-1220.13
-1220.13
-1220.13
-1220.13
-1220.13
-1220.13
-1220.13
-1220.13
-1220.13
-1220.13
-1220.13
-1220.13
-1220.13
-1220.13
-1220.13
-1220.13
-1220.13
-1220.13
-1220.13
-1220.13
-1220.13
-1220.13
-1220.13
-1220.13
-1220.13
-1220.13
-1220.13
-1220.13
-1220.13
-1220.13
-1220.13
-1220.13
-1220.13
-1220.13
-1220.13
-1220.13
-1220.13
-1220.13
-1220.13
-1220.13
-1220.13
-1220.13
-1220.13
-1220.13
-1220.13
-1220.13
-1220.13
-1220.13
-1220.13
-1220.13
-1220.13
-1220.13
-1220.13
-1220.13
-1220.13
-1220.13
-1220.13
-1220.13
-1220.13
-1220.13
-1220.13
-1220.13
-1220.13
-1220.13
-1220.13
-1220.13
-1220.13
-1220.13
-1220.13
-1220.13
-1220.13
-1220.13
-1220.13
-1220.13
-1220.13
-1220.13
-1220.13
-1220.13
-1220.13
-1220.13
-1220.13
-1220.13
-1220.13
-1220.13
-1220.13
-1220.13
-1220.13
-1220.13
-1220.13
-1220.13
-1220.13
-1220.13
-1220.13
-1220.13
-1220.13
-1220.13
-1220.13
-1220.13
-1220.13
-1220.13
-1220.13
-1220.13
-1220.13
-1220.13
-1220.13
-1220.13
-1220.13
-1220.13
-1220.13
-1220.13
-1220.13
-1220.13
-1220.13
-1220.13
-1220.13
-1220.13
-1220.13
-1220.13
-1220.13
-1220.13
-1220.13
-1220.13
-1220.13
-1220.13
-1220.13
-1220.13
-1220.13
-1220.13
-1220.13
-1220.13
-1220.13
-1220.13
-1220.13
-1220.13
-1220.13
-1220.13
-1220.13
-1220.13
-1220.13
-1220.13
-1220.13
-1220.13
-1220.13
-1220.13
-1220.13
-1220.13
-1220.13
-1220.13
-1220.13
-1220.13
-1220.13
-1220.13
-1220.13
-1220.13
-1220.13
-1220.13
-1220.13
-1220.13
-1220.13
-1220.13
-1220.13
-1220.13
-1220.13
-1220.13
-1220.13
-1220.13
-1220.13
-1220.13
-1220.13
-1220.13
-1220.13
-1220.13
-1220.13
-1220.13
-1220.13
-1220.13
-1220.13
-1220.13
-1220.13
-1220.13
-1220.13
-1220.13
-1220.13
-1220.13
-1220.13
-1220.13
-1220.13
-1220.13
-1220.13
-1220.13
-1220.13
-1220.13
-1220.13
-1220.13
-1220.13
-1220.13
-1220.13
-1220.13
-1220.13
-1220.13
-1220.13
-1220.13
-1220.13
-1220.13
-1220.13
-1220.13
-1220.13
-1220.13
-1220.13
-1220.13
-1220.13
-1220.13
-1220.13
-1220.13
-1220.13
-1220.13
-1220.13
-1220.13
-1220.13
-1220.13
-1220.13
-1220.13
-1220.13
-1220.13
-1220.13
-1220.13
-1220.13
-1220.13
-1220.13
-1220.13
-1220.13
-1220.13
-1220.13
-1220.13
-1220.13
-1220.13
-1220.13
-1220.13
-1220.13
-1220.13
-1220.13
-1220.13
-1220.13
-1220.13
-1220.13
-1220.13
-1220.13
-1220.13
-1220.13
-1220.13
-1220.13
-1220.13
-1220.13
-1220.13
-1220.13
-1220.13
-1220.13
-1220.13
-1220.13
-1220.13
-1220.13
-1220.13
-1220.13
-1220.13
-1220.13
-1220.13
-1220.13
-1220.13
-1220.13
-1220.13
-1220.13
-1220.13
-1220.13
-1220.13
-1220.13
-1220.13
-1220.13
-1220.13
-1220.13
-1220.13
-1220.13
-1220.13
-1220.13
-1220.13
-1220.13
-1220.13
-1220.13
-1220.13
-1220.13
-1220.13
-1220.13
-1220.13
-1220.13
-1220.13
-1220.13
-1220.13
-1220.13
-1220.13
-1220.13
-1220.13
-1220.13
-1220.13
-1220.13
-1220.13
-1220.13
-1220.13
-1220.13
-1220.13
-1220.13
-1220.13
-1220.13
-1220.13
-1220.13
-1220.13
-1220.13
-1220.13
-1220.13
-1220.13
-1220.13
-1220.13
-1220.13
-1220.13
-1220.13
-1220.13
-1220.13
-1220.13
-1220.13
-1220.13
-1220.13
-1220.13
-1220.13
-1220.13
-1220.13
-1220.13
-1220.13
-1220.13
-1220.13
-1220.13
-1220.13
-1220.13
-1220.13
-1220.13
-1220.13
-1220.13
-1220.13
-1220.13
-1220.13
-1220.13
-1220.13
-1220.13
-1220.13
-1220.13
-1220.13
-1220.13
-1220.13
-1220.13
-1220.13
-1220.13
-1220.13
-1220.13
-1220.13
-1220.13
-1220.13
-1220.13
-1220.13
-1220.13
-1220.13
-1220.13
-1220.13
-1220.13
-1220.13
-1220.13
-1220.13
-1220.13
-1220.13
-1220.13
-1220.13
-1220.13
-1220.13
-1220.13
-1220.13
-1220.13
-1220.13
-1220.13
-1220.13
-1220.13
-1220.13
-1220.13
-1220.13
-1220.13
-1220.13
-1220.13
-1220.13
-1220.13
-1220.13
-1220.13
-1220.13
-1220.13
-1220.13
-1220.13
-1220.13
-1220.13
-1220.13
-1220.13
-1220.13
-1220.13
-1220.13
-1220.13
-1220.13
-1220.13
-1220.13
-1220.13
-1220.13
-1220.13
-1220.13
-1220.13
-1220.13
-1220.13
-1220.13
-1220.13
-1220.13
-1220.13
-1220.13
-1220.13
-1220.13
-1220.13
-1220.13
-1220.13
-1220.13
-1220.13
-1220.13
-1220.13
-1220.13
-1220.13
-1220.13
-1220.13
-1220.13
-1220.13
-1220.13
-1220.13
-1220.13
-1220.13
-1220.13
-1220.13
-1220.13
-1220.13
-1220.13
-1220.13
-1220.13
-1220.13
-1220.13
-1220.13
-1220.13
-1220.13
-1220.13
-1220.13
-1220.13
-1220.13
-1220.13
-1220.13
-1220.13
-1220.13
-1220.13
-1220.13
-1220.13
-1220.13
-1220.13
-1220.13
-1220.13
-1220.13
-1220.13
-1220.13
-1220.13
-1220.13
-1220.13
-1220.13
-1220.13
-1220.13
-1220.13
-1220.13
-1220.13
-1220.13
-1220.13
-1220.13
-1220.13
-1220.13
-1220.13
-1220.13
-1220.13
-1220.13
-1220.13
-1220.13
-1220.13
-1220.13
-1220.13
-1220.13
-1220.13
-1220.13
-1220.13
-1220.13
-1220.13
-1220.13
-1220.13
-1220.13
-1220.13
-1220.13
-1220.13
-1220.13
-1220.13
-1220.13
-1220.13
-1220.13
-1220.13
-1220.13
-1220.13
-1220.13
-1220.13
-1220.13
-1220.13
-1220.13
-1220.13
-1220.13
-1220.13
-1220.13
-1220.13
-1220.13
-1220.13
-1220.13
-1220.13
-1220.13
-1220.13
-1220.13
-1220.13
-1220.13
-1220.13
-1220.13
-1220.13
-1220.13
-1220.13
-1220.13
-1220.13
-1220.13
-1220.13
-1220.13
-1220.13
-1220.13
-1220.13
-1220.13
-1220.13
-1220.13
-1220.13
-1220.13
-1220.13
-1220.13
-1220.13
-1220.13
-1220.13
-1220.13
-1220.13
-1220.13
-1220.13
-1220.13
-1220.13
-1220.13
-1220.13
-1220.13
-1220.13
-1220.13
-1220.13
-1220.13
-1220.13
-1220.13
-1220.13
-1220.13
-1220.13
-1220.13
-1220.13
-1220.13
-1220.13
-1220.13
-1220.13
-1220.13
-1220.13
-1220.13
-1220.13
-1220.13
-1220.13
-1220.13
-1220.13
-1220.13
-1220.13
-1220.13
-1220.13
-1220.13
-1220.13
-1220.13
-1220.13
-1220.13
-1220.13
-1220.13
-1220.13
-1220.13
-1220.13
-1220.13
-1220.13
-1220.13
-1220.13
-1220.13
-1220.13
-1220.13
-1220.13
-1220.13
-1220.13
-1220.13
-1220.13
-1220.13
-1220.13
-1220.13
-1220.13
-1220.13
-1220.13
-1220.13
-1220.13
-1220.13
-1220.13
-1220.13
-1220.13
-1220.13
-1220.13
-1220.13
-1220.13
-1220.13
-1220.13
-1220.13
-1220.13
-1220.13
-1220.13
-1220.13
-1220.13
-1220.13
-1220.13
-1220.13
-1220.13
-1220.13
-1220.13
-1220.13
-1220.13
-1220.13
-1220.13
-1220.13
-1220.13
-1220.13
-1220.13
-1220.13
-1220.13
-1220.13
-1220.13
-1220.13
-1220.13
-1220.13
-1220.13
-1220.13
-1220.13
-1220.13
-1220.13
-1220.13
-1220.13
-1220.13
-1220.13
-1220.13
-1220.13
-1220.13
-1220.13
-1220.13
-1220.13
-1220.13
-1220.13
-1220.13
-1220.13
-1220.13
-1220.13
-1220.13
-1220.13
-1220.13
-1220.13
-1220.13
-1220.13
-1220.13
-1220.13
-1220.13
-1220.13
-1220.13
-1220.13
-1220.13
-1220.13
-1220.13
-1220.13
-1220.13
-1220.13
-1220.13
-1220.13
-1220.13
-1220.13
-1220.13
-1220.13
-1220.13
-1220.13
-1220.13
-1220.13
-1220.13
-1220.13
-1220.13
-1220.13
-1220.13
-1220.13
-1220.13
-1220.13
-1220.13
-1220.13
-1220.13
-1220.13
-1220.13
-1220.13
-1220.13
-1220.13
-1220.13
-1220.13
-1220.13
-1220.13
-1220.13
-1220.13
-1220.13
-1220.13
-1220.13
-1220.13
-1220.13
-1220.13
-1220.13
-1220.13
-1220.13
-1220.13
-1220.13
-1220.13
-1220.13
-1220.13
-1220.13
-1220.13
-1220.13
-1220.13
-1220.13
-1220.13
-1220.13
-1220.13
-1220.13
-1220.13
-1220.13
-1220.13
-1220.13
-1220.13
-1220.13
-1220.13
-1220.13
-1220.13
-1220.13
-1220.13
-1220.13
-1220.13
-1220.13
-1220.13
-1220.13
-1220.13
-1220.13
-1220.13
-1220.13
-1220.13
-1220.13
-1220.13
-1220.13
-1220.13
-1220.13
-1220.13
-1220.13
-1220.13
-1220.13
-1220.13
-1220.13
-1220.13
-1220.13
-1220.13
-1220.13
-1220.13
-1220.13
-1220.13
-1220.13
-1220.13
-1220.13
-1220.13
-1220.13
-1220.13
-1220.13
-1220.13
-1220.13
-1220.13
-1220.13
-1220.13
-1220.13
-1220.13
-1220.13
-1220.13
-1220.13
-1220.13
-1220.13
-1220.13
-1220.13
-1220.13
-1220.13
-1220.13
-1220.13
-1220.13
-1220.13
-1220.13
-1220.13
-1220.13
-1220.13
-1220.13
-1220.13
-1220.13
-1220.13
-1220.13
-1220.13
-1220.13
-1220.13
-1220.13
-1220.13
-1220.13
-1220.13
-1220.13
-1220.13
-1220.13
-1220.13
-1220.13
-1220.13
-1220.13
-1220.13
-1220.13
-1220.13
-1220.13
-1220.13
-1220.13
-1220.13
-1220.13
-1220.13
-1220.13
-1220.13
-1220.13
-1220.13
-1220.13
-1220.13
-1220.13
-1220.13
-1220.13
-1220.13
-1220.13
-1220.13
-1220.13
-1220.13
-1220.13
-1220.13
-1220.13
-1220.13
-1220.13
-1220.13
-1220.13
-1220.13
-1220.13
-1220.13
-1220.13
-1220.13
-1220.13
-1220.13
-1220.13
-1220.13
-1220.13
-1220.13
-1220.13
-1220.13
-1220.13
-1220.13
-1220.13
-1220.13
-1220.13
-1220.13
-1220.13
-1220.13
-1220.13
-1220.13
-1220.13
-1220.13
-1220.13
-1220.13
-1220.13
-1220.13
-1220.13
-1220.13
-1220.13
-1220.13
-1220.13
-1220.13
-1220.13
-1220.13
-1220.13
-1220.13
-1220.13
-1220.13
-1220.13
-1220.13
-1220.13
-1220.13
-1220.13
-1220.13
-1220.13
-1220.13
-1220.13
-1220.13
-1220.13
-1220.13
-1220.13
-1220.13
-1220.13
-1220.13
-1220.13
-1220.13
-1220.13
-1220.13
-1220.13
-1220.13
-1220.13
-1220.13
-1220.13
-1220.13
-1220.13
-1220.13
-1220.13
-1220.13
-1220.13
-1220.13
-1220.13
-1220.13
-1220.13
-1220.13
-1220.13
-1220.13
-1220.13
-1220.13
-1220.13
-1220.13
-1220.13
-1220.13
-1220.13
-1220.13
-1220.13
-1220.13
-1220.13
-1220.13
-1220.13
-1220.13
-1220.13
-1220.13
-1220.13
-1220.13
-1220.13
-1220.13
-1220.13
-1220.13
-1220.13
-1220.13
-1220.13
-1220.13
-1220.13
-1220.13
-1220.13
-1220.13
-1220.13
-1220.13
-1220.13
-1220.13
-1220.13
-1220.13
-1220.13
-1220.13
-1220.13
-1220.13
-1220.13
-1220.13
-1220.13
-1220.13
-1220.13
-1220.13
-1220.13
-1220.13
-1220.13
-1220.13
-1220.13
-1220.13
-1220.13
-1220.13
-1220.13
-1220.13
-1220.13
-1220.13
-1220.13
-1220.13
-1220.13
-1220.13
-1220.13
-1220.13
-1220.13
-1220.13
-1220.13
-1220.13
-1220.13
-1220.13
-1220.13
-1220.13
-1220.13
-1220.13
-1220.13
-1220.13
-1220.13
-1220.13
-1220.13
-1220.13
-1220.13
-1220.13
-1220.13
-1220.13
-1220.13
-1220.13
-1220.13
-1220.13
-1220.13
-1220.13
-1220.13
-1220.13
-1220.13
-1220.13
-1220.13
-1220.13
-1220.13
-1220.13
-1220.13
-1220.13
-1220.13
-1220.13
-1220.13
-1220.13
-1220.13
-1220.13
-1220.13
-1220.13
-1220.13
-1220.13
-1220.13
-1220.13
-1220.13
-1220.13
-1220.13
-1220.13
-1220.13
-1220.13
-1220.13
-1220.13
-1220.13
-1220.13
-1220.13
-1220.13
-1220.13
-1220.13
-1220.13
-1220.13
-1220.13
-1220.13
-1220.13
-1220.13
-1220.13
-1220.13
-1220.13
-1220.13
-1220.13
-1220.13
-1220.13
-1220.13
-1220.13
-1220.13
-1220.13
-1220.13
-1220.13
-1220.13
-1220.13
-1220.13
-1220.13
-1220.13
-1220.13
-1220.13
-1220.13
-1220.13
-1220.13
-1220.13
-1220.13
-1220.13
-1220.13
-1220.13
-1220.13
-1220.13
-1220.13
-1220.13
-1220.13
-1220.13
-1220.13
-1220.13
-1220.13
-1220.13
-1220.13
-1220.13
-1220.13
-1220.13
-1220.13
-1220.13
-1220.13
-1220.13
-1220.13
-1220.13
-1220.13
-1220.13
-1220.13
-1220.13
-1220.13
-1220.13
-1220.13
-1220.13
-1220.13
-1220.13
-1220.13
-1220.13
-1220.13
-1220.13
-1220.13
-1220.13
-1220.13
-1220.13
-1220.13
-1220.13
-1220.13
-1220.13
-1220.13
-1220.13
-1220.13
-1220.13
-1220.13
-1220.13
-1220.13
-1220.13
-1220.13
-1220.13
-1220.13
-1220.13
-1220.13
-1220.13
-1220.13
-1220.13
-1220.13
-1220.13
-1220.13
-1220.13
-1220.13
-1220.13
-1220.13
-1220.13
-1220.13
-1220.13
-1220.13
-1220.13
-1220.13
-1220.13
-1220.13
-1220.13
-1220.13
-1220.13
-1220.13
-1220.13
-1220.13
-1220.13
-1220.13
-1220.13
-1220.13
-1220.13
-1220.13
-1220.13
-1220.13
-1220.13
-1220.13
-1220.13
-1220.13
-1220.13
-1220.13
-1220.13
-1220.13
-1220.13
-1220.13
-1220.13
-1220.13
-1220.13
-1220.13
-1220.13
-1220.13
-1220.13
-1220.13
-1220.13
-1220.13
-1220.13
-1220.13
-1220.13
-1220.13
-1220.13
-1220.13
-1220.13
-1220.13
-1220.13
-1220.13
-1220.13
-1220.13
-1220.13
-1220.13
-1220.13
-1220.13
-1220.13
-1220.13
-1220.13
-1220.13
-1220.13
-1220.13
-1220.13
-1220.13
-1220.13
-1220.13
-1220.13
-1220.13
-1220.13
-1220.13
-1220.13
-1220.13
-1220.13
-1220.13
-1220.13
-1220.13
-1220.13
-1220.13
-1220.13
-1220.13
-1220.13
-1220.13
-1220.13
-1220.13
-1220.13
-1220.13
-1220.13
-1220.13
-1220.13
-1220.13
-1220.13
-1220.13
-1220.13
-1220.13
-1220.13
-1220.13
-1220.13
-1220.13
-1220.13
-1220.13
-1220.13
-1220.13
-1220.13
-1220.13
-1220.13
-1220.13
-1220.13
-1220.13
-1220.13
-1220.13
-1220.13
-1220.13
-1220.13
-1220.13
-1220.13
-1220.13
-1220.13
-1220.13
-1220.13
-1220.13
-1220.13
-1220.13
-1220.13
-1220.13
-1220.13
-1220.13
-1220.13
-1220.13
-1220.13
-1220.13
-1220.13
-1220.13
-1220.13
-1220.13
-1220.13
-1220.13
-1220.13
-1220.13
-1220.13
-1220.13
-1220.13
-1220.13
-1220.13
-1220.13
-1220.13
-1220.13
-1220.13
-1220.13
-1220.13
-1220.13
-1220.13
-1220.13
-1220.13
-1220.13
-1220.13
-1220.13
-1220.13
-1220.13
-1220.13
-1220.13
-1220.13
-1220.13
-1220.13
-1220.13
-1220.13
-1220.13
-1220.13
-1220.13
-1220.13
-1220.13
-1220.13
-1220.13
-1220.13
-1220.13
-1220.13
-1220.13
-1220.13
-1220.13
-1220.13
-1220.13
-1220.13
-1220.13
-1220.13
-1220.13
-1220.13
-1220.13
-1220.13
-1220.13
-1220.13
-1220.13
-1220.13
-1220.13
-1220.13
-1220.13
-1220.13
-1220.13
-1220.13
-1220.13
-1220.13
-1220.13
-1220.13
-1220.13
-1220.13
-1220.13
-1220.13
-1220.13
-1220.13
-1220.13
-1220.13
-1220.13
-1220.13
-1220.13
-1220.13
-1220.13
-1220.13
-1220.13
-1220.13
-1220.13
-1220.13
-1220.13
-1220.13
-1220.13
-1220.13
-1220.13
-1220.13
-1220.13
-1220.13
-1220.13
-1220.13
-1220.13
-1220.13
-1220.13
-1220.13
-1220.13
-1220.13
-1220.13
-1220.13
-1220.13
-1220.13
-1220.13
-1220.13
-1220.13
-1220.13
-1220.13
-1220.13
-1220.13
-1220.13
-1220.13
-1220.13
-1220.13
-1220.13
-1220.13
-1220.13
-1220.13
-1220.13
-1220.13
-1220.13
-1220.13
-1220.13
-1220.13
-1220.13
-1220.13
-1220.13
-1220.13
-1220.13
-1220.13
-1220.13
-1220.13
-1220.13
-1220.13
-1220.13
-1220.13
-1220.13
-1220.13
-1220.13
-1220.13
-1220.13
-1220.13
-1220.13
-1220.13
-1220.13
-1220.13
-1220.13
-1220.13
-1220.13
-1220.13
-1220.13
-1220.13
-1220.13
-1220.13
-1220.13
-1220.13
-1220.13
-1220.13
-1220.13
-1220.13
-1220.13
-1220.13
-1220.13
-1220.13
-1220.13
-1220.13
-1220.13
-1220.13
-1220.13
-1220.13
-1220.13
-1220.13
-1220.13
-1220.13
-1220.13
-1220.13
-1220.13
-1220.13
-1220.13
-1220.13
-1220.13
-1220.13
-1220.13
-1220.13
-1220.13
-1220.13
-1220.13
-1220.13
-1220.13
-1220.13
-1220.13
-1220.13
-1220.13
-1220.13
-1220.13
-1220.13
-1220.13
-1220.13
-1220.13
-1220.13
-1220.13
-1220.13
-1220.13
-1220.13
-1220.13
-1220.13
-1220.13
-1220.13
-1220.13
-1220.13
-1220.13
-1220.13
-1220.13
-1220.13
-1220.13
-1220.13
-1220.13
-1220.13
-1220.13
-1220.13
-1220.13
-1220.13
-1220.13
-1220.13
-1220.13
-1220.13
-1220.13
-1220.13
-1220.13
-1220.13
-1220.13
-1220.13
-1220.13
-1220.13
-1220.13
-1220.13
-1220.13
-1220.13
-1220.13
-1220.13
-1220.13
-1220.13
-1220.13
-1220.13
-1220.13
-1220.13
-1220.13
-1220.13
-1220.13
-1220.13
-1220.13
-1220.13
-1220.13
-1220.13
-1220.13
-1220.13
-1220.13
-1220.13
-1220.13
-1220.13
-1220.13
-1220.13
-1220.13
-1220.13
-1220.13
-1220.13
-1220.13
-1220.13
-1220.13
-1220.13
-1220.13
-1220.13
-1220.13
-1220.13
-1220.13
-1220.13
-1220.13
-1220.13
-1220.13
-1220.13
-1220.13
-1220.13
-1220.13
-1220.13
-1220.13
-1220.13
-1220.13
-1220.13
-1220.13
-1220.13
-1220.13
-1220.13
-1220.13
-1220.13
-1220.13
-1220.13
-1220.13
-1220.13
-1220.13
-1220.13
-1220.13
-1220.13
-1220.13
-1220.13
-1220.13
-1220.13
-1220.13
-1220.13
-1220.13
-1220.13
-1220.13
-1220.13
-1220.13
-1220.13
-1220.13
-1220.13
-1220.13
-1220.13
-1220.13
-1220.13
-1220.13
-1220.13
-1220.13
-1220.13
-1220.13
-1220.13
-1220.13
-1220.13
-1220.13
-1220.13
-1220.13
-1220.13
-1220.13
-1220.13
-1220.13
-1220.13
-1220.13
-1220.13
-1220.13
-1220.13
-1220.13
-1220.13
-1220.13
-1220.13
-1220.13
-1220.13
-1220.13
-1220.13
-1220.13
-1220.13
-1220.13
-1220.13
-1220.13
-1220.13
-1220.13
-1220.13
-1220.13
-1220.13
-1220.13
-1220.13
-1220.13
-1220.13
-1220.13
-1220.13
-1220.13
-1220.13
-1220.13
-1220.13
-1220.13
-1220.13
-1220.13
-1220.13
-1220.13
-1220.13
-1220.13
-1220.13
-1220.13
-1220.13
-1220.13
-1220.13
-1220.13
-1220.13
-1220.13
-1220.13
-1220.13
-1220.13
-1220.13
-1220.13
-1220.13
-1220.13
-1220.13
-1220.13
-1220.13
-1220.13
-1220.13
-1220.13
-1220.13
-1220.13
-1220.13
-1220.13
-1220.13
-1220.13
-1220.13
-1220.13
-1220.13
-1220.13
-1220.13
-1220.13
-1220.13
-1220.13
-1220.13
-1220.13
-1220.13
-1220.13
-1220.13
-1220.13
-1220.13
-1220.13
-1220.13
-1220.13
-1220.13
-1220.13
-1220.13
-1220.13
-1220.13
-1220.13
-1220.13
-1220.13
-1220.13
-1220.13
-1220.13
-1220.13
-1220.13
-1220.13
-1220.13
-1220.13
-1220.13
-1220.13
-1220.13
-1220.13
-1220.13
-1220.13
-1220.13
-1220.13
-1220.13
-1220.13
-1220.13
-1220.13
-1220.13
-1220.13
-1220.13
-1220.13
-1220.13
-1220.13
-1220.13
-1220.13
-1220.13
-1220.13
-1220.13
-1220.13
-1220.13
-1220.13
-1220.13
-1220.13
-1220.13
-1220.13
-1220.13
-1220.13
-1220.13
-1220.13
-1220.13
-1220.13
-1220.13
-1220.13
-1220.13
-1220.13
-1220.13
-1220.13
-1220.13
-1220.13
-1220.13
-1220.13
-1220.13
-1220.13
-1220.13
-1220.13
-1220.13
-1220.13
-1220.13
-1220.13
-1220.13
-1220.13
-1220.13
-1220.13
-1220.13
-1220.13
-1220.13
-1220.13
-1220.13
-1220.13
-1220.13
-1220.13
-1220.13
-1220.13
-1220.13
-1220.13
-1220.13
-1220.13
-1220.13
-1220.13
-1220.13
-1220.13
-1220.13
-1220.13
-1220.13
-1220.13
-1220.13
-1220.13
-1220.13
-1220.13
-1220.13
-1220.13
-1220.13
-1220.13
-1220.13
-1220.13
-1220.13
-1220.13
-1220.13
-1220.13
-1220.13
-1220.13
-1220.13
-1220.13
-1220.13
-1220.13
-1220.13
-1220.13
-1220.13
-1220.13
-1220.13
-1220.13
-1220.13
-1220.13
-1220.13
-1220.13
-1220.13
-1220.13
-1220.13
-1220.13
-1220.13
-1220.13
-1220.13
-1220.13
-1220.13
-1220.13
-1220.13
-1220.13
-1220.13
-1220.13
-1220.13
-1220.13
-1220.13
-1220.13
-1220.13
-1220.13
-1220.13
-1220.13
-1220.13
-1220.13
-1220.13
-1220.13
-1220.13
-1220.13
-1220.13
-1220.13
-1220.13
-1220.13
-1220.13
-1220.13
-1220.13
-1220.13
-1220.13
-1220.13
-1220.13
-1220.13
-1220.13
-1220.13
-1220.13
-1220.13
-1220.13
-1220.13
-1220.13
-1220.13
-1220.13
-1220.13
-1220.13
-1220.13
-1220.13
-1220.13
-1220.13
-1220.13
-1220.13
-1220.13
-1220.13
-1220.13
-1220.13
-1220.13
-1220.13
-1220.13
-1220.13
-1220.13
-1220.13
-1220.13
-1220.13
-1220.13
-1220.13
-1220.13
-1220.13
-1220.13
-1220.13
-1220.13
-1220.13
-1220.13
-1220.13
-1220.13
-1220.13
-1220.13
-1220.13
-1220.13
-1220.13
-1220.13
-1220.13
-1220.13
-1220.13
-1220.13
-1220.13
-1220.13
-1220.13
-1220.13
-1220.13
-1220.13
-1220.13
-1220.13
-1220.13
-1220.13
-1220.13
-1220.13
-1220.13
-1220.13
-1220.13
-1220.13
-1220.13
-1220.13
-1220.13
-1220.13
-1220.13
-1220.13
-1220.13
-1220.13
-1220.13
-1220.13
-1220.13
-1220.13
-1220.13
-1220.13
-1220.13
-1220.13
-1220.13
-1220.13
-1220.13
-1220.13
-1220.13
-1220.13
-1220.13
-1220.13
-1220.13
-1220.13
-1220.13
-1220.13
-1220.13
-1220.13
-1220.13
-1220.13
-1220.13
-1220.13
-1220.13
-1220.13
-1220.13
-1220.13
-1220.13
-1220.13
-1220.13
-1220.13
-1220.13
-1220.13
-1220.13
-1220.13
-1220.13
-1220.13
-1220.13
-1220.13
-1220.13
-1220.13
-1220.13
-1220.13
-1220.13
-1220.13
-1220.13
-1220.13
-1220.13
-1220.13
-1220.13
-1220.13
-1220.13
-1220.13
-1220.13
-1220.13
-1220.13
-1220.13
-1220.13
-1220.13
-1220.13
-1220.13
-1220.13
-1220.13
-1220.13
-1220.13
-1220.13
-1220.13
-1220.13
-1220.13
-1220.13
-1220.13
-1220.13
-1220.13
-1220.13
-1220.13
-1220.13
-1220.13
-1220.13
-1220.13
-1220.13
-1220.13
-1220.13
-1220.13
-1220.13
-1220.13
-1220.13
-1220.13
-1220.13
-1220.13
-1220.13
-1220.13
-1220.13
-1220.13
-1220.13
-1220.13
-1220.13
-1220.13
-1220.13
-1220.13
-1220.13
-1220.13
-1220.13
-1220.13
-1220.13
-1220.13
-1220.13
-1220.13
-1220.13
-1220.13
-1220.13
-1220.13
-1220.13
-1220.13
-1220.13
-1220.13
-1220.13
-1220.13
-1220.13
-1220.13
-1220.13
-1220.13
-1220.13
-1220.13
-1220.13
-1220.13
-1220.13
-1220.13
-1220.13
-1220.13
-1220.13
-1220.13
-1220.13
-1220.13
-1220.13
-1220.13
-1220.13
-1220.13
-1220.13
-1220.13
-1220.13
-1220.13
-1220.13
-1220.13
-1220.13
-1220.13
-1220.13
-1220.13
-1220.13
-1220.13
-1220.13
-1220.13
-1220.13
-1220.13
-1220.13
-1220.13
-1220.13
-1220.13
-1220.13
-1220.13
-1220.13
-1220.13
-1220.13
-1220.13
-1220.13
-1220.13
-1220.13
-1220.13
-1220.13
-1220.13
-1220.13
-1220.13
-1220.13
-1220.13
-1220.13
-1220.13
-1220.13
-1220.13
-1220.13
-1220.13
-1220.13
-1220.13
-1220.13
-1220.13
-1220.13
-1220.13
-1220.13
-1220.13
-1220.13
-1220.13
-1220.13
-1220.13
-1220.13
-1220.13
-1220.13
-1220.13
-1220.13
-1220.13
-1220.13
-1220.13
-1220.13
-1220.13
-1220.13
-1220.13
-1220.13
-1220.13
-1220.13
-1220.13
-1220.13
-1220.13
-1220.13
-1220.13
-1220.13
-1220.13
-1220.13
-1220.13
-1220.13
-1220.13
-1220.13
-1220.13
-1220.13
-1220.13
-1220.13
-1220.13
-1220.13
-1220.13
-1220.13
-1220.13
-1220.13
-1220.13
-1220.13
-1220.13
-1220.13
-1220.13
-1220.13
-1220.13
-1220.13
-1220.13
-1220.13
-1220.13
-1220.13
-1220.13
-1220.13
-1220.13
-1220.13
-1220.13
-1220.13
-1220.13
-1220.13
-1220.13
-1220.13
-1220.13
-1220.13
-1220.13
-1220.13
-1220.13
-1220.13
-1220.13
-1220.13
-1220.13
-1220.13
-1220.13
-1220.13
-1220.13
-1220.13
-1220.13
-1220.13
-1220.13
-1220.13
-1220.13
-1220.13
-1220.13
-1220.13
-1220.13
-1220.13
-1220.13
-1220.13
-1220.13
-1220.13
-1220.13
-1220.13
-1220.13
-1220.13
-1220.13
-1220.13
-1220.13
-1220.13
-1220.13
-1220.13
-1220.13
-1220.13
-1220.13
-1220.13
-1220.13
-1220.13
-1220.13
-1220.13
-1220.13
-1220.13
-1220.13
-1220.13
-1220.13
-1220.13
-1220.13
-1220.13
-1220.13
-1220.13
-1220.13
-1220.13
-1220.13
-1220.13
-1220.13
-1220.13
-1220.13
-1220.13
-1220.13
-1220.13
-1220.13
-1220.13
-1220.13
-1220.13
-1220.13
-1220.13
-1220.13
-1220.13
-1220.13
-1220.13
-1220.13
-1220.13
-1220.13
-1220.13
-1220.13
-1220.13
-1220.13
-1220.13
-1220.13
-1220.13
-1220.13
-1220.13
-1220.13
-1220.13
-1220.13
-1220.13
-1220.13
-1220.13
-1220.13
-1220.13
-1220.13
-1220.13
-1220.13
-1220.13
-1220.13
-1220.13
-1220.13
-1220.13
-1220.13
-1220.13
-1220.13
-1220.13
-1220.13
-1220.13
-1220.13
-1220.13
-1220.13
-1220.13
-1220.13
-1220.13
-1220.13
-1220.13
-1220.13
-1220.13
-1220.13
-1220.13
-1220.13
-1220.13
-1220.13
-1220.13
-1220.13
-1220.13
-1220.13
-1220.13
-1220.13
-1220.13
-1220.13
-1220.13
-1220.13
-1220.13
-1220.13
-1220.13
-1220.13
-1220.13
-1220.13
-1220.13
-1220.13
-1220.13
-1220.13
-1220.13
-1220.13
-1220.13
-1220.13
-1220.13
-1220.13
-1220.13
-1220.13
-1220.13
-1220.13
-1220.13
-1220.13
-1220.13
-1220.13
-1220.13
-1220.13
-1220.13
-1220.13
-1220.13
-1220.13
-1220.13
-1220.13
-1220.13
-1220.13
-1220.13
-1220.13
-1220.13
-1220.13
-1220.13
-1220.13
-1220.13
-1220.13
-1220.13
-1220.13
-1220.13
-1220.13
-1220.13
-1220.13
-1220.13
-1220.13
-1220.13
-1220.13
-1220.13
-1220.13
-1220.13
-1220.13
-1220.13
-1220.13
-1220.13
-1220.13
-1220.13
-1220.13
-1220.13
-1220.13
-1220.13
-1220.13
-1220.13
-1220.13
-1220.13
-1220.13
-1220.13
-1220.13
-1220.13
-1220.13
-1220.13
-1220.13
-1220.13
-1220.13
-1220.13
-1220.13
-1220.13
-1220.13
-1220.13
-1220.13
-1220.13
-1220.13
-1220.13
-1220.13
-1220.13
-1220.13
-1220.13
-1220.13
-1220.13
-1220.13
-1220.13
-1220.13
-1220.13
-1220.13
-1220.13
-1220.13
-1220.13
-1220.13
-1220.13
-1220.13
-1220.13
-1220.13
-1220.13
-1220.13
-1220.13
-1220.13
-1220.13
-1220.13
-1220.13
-1220.13
-1220.13
-1220.13
-1220.13
-1220.13
-1220.13
-1220.13
-1220.13
-1220.13
-1220.13
-1220.13
-1220.13
-1220.13
-1220.13
-1220.13
-1220.13
-1220.13
-1220.13
-1220.13
-1220.13
-1220.13
-1220.13
-1220.13
-1220.13
-1220.13
-1220.13
-1220.13
-1220.13
-1220.13
-1220.13
-1220.13
-1220.13
-1220.13
-1220.13
-1220.13
-1220.13
-1220.13
-1220.13
-1220.13
-1220.13
-1220.13
-1220.13
-1220.13
-1220.13
-1220.13
-1220.13
-1220.13
-1220.13
-1220.13
-1220.13
-1220.13
-1220.13
-1220.13
-1220.13
-1220.13
-1220.13
-1220.13
-1220.13
-1220.13
-1220.13
-1220.13
-1220.13
-1220.13
-1220.13
-1220.13
-1220.13
-1220.13
-1220.13
-1220.13
-1220.13
-1220.13
-1220.13
-1220.13
-1220.13
-1220.13
-1220.13
-1220.13
-1220.13
-1220.13
-1220.13
-1220.13
-1220.13
-1220.13
-1220.13
-1220.13
-1220.13
-1220.13
-1220.13
-1220.13
-1220.13
-1220.13
-1220.13
-1220.13
-1220.13
-1220.13
-1220.13
-1220.13
-1220.13
-1220.13
-1220.13
-1220.13
-1220.13
-1220.13
-1220.13
-1220.13
-1220.13
-1220.13
-1220.13
-1220.13
-1220.13
-1220.13
-1220.13
-1220.13
-1220.13
-1220.13
-1220.13
-1220.13
-1220.13
-1220.13
-1220.13
-1220.13
-1220.13
-1220.13
-1220.13
-1220.13
-1220.13
-1220.13
-1220.13
-1220.13
-1220.13
-1220.13
-1220.13
-1220.13
-1220.13
-1220.13
-1220.13
-1220.13
-1220.13
-1220.13
-1220.13
-1220.13
-1220.13
-1220.13
-1220.13
-1220.13
-1220.13
-1220.13
-1220.13
-1220.13
-1220.13
-1220.13
-1220.13
-1220.13
-1220.13
-1220.13
-1220.13
-1220.13
-1220.13
-1220.13
-1220.13
-1220.13
-1220.13
-1220.13
-1220.13
-1220.13
-1220.13
-1220.13
-1220.13
-1220.13
-1220.13
-1220.13
-1220.13
-1220.13
-1220.13
-1220.13
-1220.13
-1220.13
-1220.13
-1220.13
-1220.13
-1220.13
-1220.13
-1220.13
-1220.13
-1220.13
-1220.13
-1220.13
-1220.13
-1220.13
-1220.13
-1220.13
-1220.13
-1220.13
-1220.13
-1220.13
-1220.13
-1220.13
-1220.13
-1220.13
-1220.13
-1220.13
-1220.13
-1220.13
-1220.13
-1220.13
-1220.13
-1220.13
-1220.13
-1220.13
